7/18/2021 7:07:45 AM Se conecto con ip:168.196.245.137
7/18/2021 7:07:52 AM /TELEPLOC a x:905 Y:1043 Map:1
7/18/2021 7:07:54 AM /TELEPLOC a x:905 Y:1043 Map:1
7/18/2021 7:07:59 AM /TELEPLOC a x:975 Y:989 Map:1
7/18/2021 7:08:02 AM /TELEPLOC a x:975 Y:989 Map:1
7/18/2021 7:08:22 AM /TELEPLOC a x:975 Y:989 Map:1
7/18/2021 7:08:30 AM /TELEPLOC a x:1009 Y:991 Map:1
7/18/2021 7:08:35 AM /TELEPLOC a x:1023 Y:983 Map:1
7/18/2021 7:08:37 AM /TELEPLOC a x:1023 Y:983 Map:1
7/18/2021 7:08:40 AM /TELEPLOC a x:1023 Y:983 Map:1
7/18/2021 7:08:40 AM /TELEPLOC a x:1023 Y:983 Map:1
7/18/2021 7:08:44 AM /TELEPLOC a x:1023 Y:983 Map:1
7/18/2021 7:08:45 AM /TELEPLOC a x:1023 Y:983 Map:1
7/18/2021 7:08:46 AM /TELEPLOC a x:1023 Y:983 Map:1
7/18/2021 7:08:46 AM /TELEPLOC a x:1023 Y:983 Map:1
7/18/2021 7:08:47 AM /TELEPLOC a x:1023 Y:983 Map:1
7/18/2021 7:08:48 AM /TELEPLOC a x:1023 Y:983 Map:1
7/18/2021 7:08:49 AM /TELEPLOC a x:1023 Y:983 Map:1
7/18/2021 7:08:51 AM /TELEPLOC a x:1023 Y:983 Map:1
7/18/2021 8:16:52 AM Se conecto con ip:168.196.245.137
7/18/2021 8:16:57 AM /TELEPLOC a x:179 Y:1239 Map:1
7/18/2021 8:17:00 AM /TELEPLOC a x:179 Y:1239 Map:1
7/18/2021 8:17:02 AM /TELEPLOC a x:179 Y:1239 Map:1
7/18/2021 8:17:02 AM /TELEPLOC a x:179 Y:1239 Map:1
7/18/2021 8:17:04 AM /TELEPLOC a x:179 Y:1239 Map:1
7/18/2021 8:17:08 AM /TELEPLOC a x:903 Y:1054 Map:1
7/18/2021 8:17:10 AM /TELEPLOC a x:903 Y:1054 Map:1
7/18/2021 8:17:11 AM /TELEPLOC a x:903 Y:1054 Map:1
7/18/2021 8:17:17 AM /TELEPLOC a x:903 Y:1054 Map:1
7/18/2021 8:18:22 AM /TELEPLOC a x:903 Y:1054 Map:1
7/18/2021 8:18:23 AM /TELEPLOC a x:903 Y:1054 Map:1
7/18/2021 8:18:23 AM /TELEPLOC a x:903 Y:1054 Map:1
7/18/2021 8:18:24 AM /TELEPLOC a x:903 Y:1054 Map:1
7/18/2021 8:18:25 AM /TELEPLOC a x:903 Y:1054 Map:1
7/18/2021 8:18:26 AM /TELEPLOC a x:903 Y:1054 Map:1
7/18/2021 8:18:27 AM /TELEPLOC a x:903 Y:1054 Map:1
7/18/2021 8:18:27 AM /TELEPLOC a x:903 Y:1054 Map:1
7/18/2021 8:18:28 AM /TELEPLOC a x:903 Y:1054 Map:1
7/18/2021 8:18:28 AM /TELEPLOC a x:903 Y:1054 Map:1
7/18/2021 8:18:28 AM /TELEPLOC a x:903 Y:1054 Map:1
7/18/2021 8:18:29 AM /TELEPLOC a x:903 Y:1054 Map:1
7/18/2021 8:18:29 AM /TELEPLOC a x:903 Y:1054 Map:1
7/18/2021 8:18:30 AM /TELEPLOC a x:903 Y:1054 Map:1
7/18/2021 8:18:30 AM /TELEPLOC a x:903 Y:1054 Map:1
7/18/2021 8:18:31 AM /TELEPLOC a x:903 Y:1054 Map:1
7/18/2021 8:18:31 AM /TELEPLOC a x:903 Y:1054 Map:1
7/18/2021 8:18:32 AM /TELEPLOC a x:903 Y:1054 Map:1
7/18/2021 8:18:33 AM /TELEPLOC a x:903 Y:1054 Map:1
7/18/2021 8:18:34 AM /TELEPLOC a x:903 Y:1054 Map:1
7/18/2021 8:18:34 AM /TELEPLOC a x:903 Y:1054 Map:1
7/18/2021 8:18:35 AM /TELEPLOC a x:903 Y:1054 Map:1
7/18/2021 8:18:35 AM /TELEPLOC a x:903 Y:1054 Map:1
7/18/2021 8:18:36 AM /TELEPLOC a x:903 Y:1054 Map:1
7/18/2021 8:18:36 AM /TELEPLOC a x:903 Y:1054 Map:1
7/18/2021 8:18:37 AM /TELEPLOC a x:903 Y:1054 Map:1
7/18/2021 8:18:37 AM /TELEPLOC a x:903 Y:1054 Map:1
7/18/2021 8:18:38 AM /TELEPLOC a x:903 Y:1054 Map:1
7/18/2021 8:18:39 AM /TELEPLOC a x:903 Y:1054 Map:1
7/18/2021 8:18:40 AM /TELEPLOC a x:903 Y:1054 Map:1
7/18/2021 8:18:40 AM /TELEPLOC a x:903 Y:1054 Map:1
7/18/2021 8:18:41 AM /TELEPLOC a x:903 Y:1054 Map:1
7/18/2021 8:18:42 AM /TELEPLOC a x:903 Y:1054 Map:1
7/18/2021 8:18:42 AM /TELEPLOC a x:903 Y:1054 Map:1
7/18/2021 8:18:44 AM /TELEPLOC a x:1015 Y:966 Map:1
7/18/2021 8:18:45 AM /TELEPLOC a x:1015 Y:966 Map:1
7/18/2021 8:18:46 AM /TELEPLOC a x:1015 Y:966 Map:1
7/18/2021 8:18:47 AM /TELEPLOC a x:1015 Y:966 Map:1
7/18/2021 8:18:47 AM /TELEPLOC a x:1015 Y:966 Map:1
7/18/2021 8:18:47 AM /TELEPLOC a x:1015 Y:966 Map:1
7/18/2021 8:18:48 AM /TELEPLOC a x:1015 Y:966 Map:1
7/18/2021 8:18:50 AM /TELEPLOC a x:1015 Y:966 Map:1
7/18/2021 8:18:50 AM /TELEPLOC a x:1015 Y:966 Map:1
7/18/2021 8:18:51 AM /TELEPLOC a x:1015 Y:966 Map:1
7/18/2021 8:18:51 AM /TELEPLOC a x:1015 Y:966 Map:1
7/18/2021 8:18:52 AM /TELEPLOC a x:1015 Y:966 Map:1
7/18/2021 8:18:52 AM /TELEPLOC a x:1015 Y:966 Map:1
7/18/2021 8:18:53 AM /TELEPLOC a x:1015 Y:966 Map:1
7/18/2021 8:18:54 AM /TELEPLOC a x:1015 Y:966 Map:1
7/18/2021 8:18:55 AM /TELEPLOC a x:1015 Y:966 Map:1
7/18/2021 8:18:55 AM /TELEPLOC a x:1015 Y:966 Map:1
7/18/2021 8:18:59 AM /TELEPLOC a x:1015 Y:966 Map:1
7/18/2021 8:19:00 AM /TELEPLOC a x:1015 Y:966 Map:1
7/18/2021 8:19:02 AM /TELEPLOC a x:1015 Y:966 Map:1
7/18/2021 8:19:03 AM /TELEPLOC a x:1015 Y:966 Map:1
7/18/2021 8:19:04 AM /TELEPLOC a x:1015 Y:966 Map:1
7/18/2021 8:19:04 AM /TELEPLOC a x:1015 Y:966 Map:1
7/18/2021 8:19:05 AM /TELEPLOC a x:1015 Y:966 Map:1
7/18/2021 8:19:05 AM /TELEPLOC a x:1015 Y:966 Map:1
7/18/2021 8:19:08 AM /TELEPLOC a x:1015 Y:966 Map:1
7/18/2021 8:20:06 AM /TELEPLOC a x:183 Y:1232 Map:1
7/18/2021 8:20:08 AM /TELEPLOC a x:183 Y:1232 Map:1
7/18/2021 11:59:40 AM Se conecto con ip:181.170.144.170
7/18/2021 11:59:59 AM /TELEPLOC a x:193 Y:1227 Map:1
7/18/2021 12:00:10 PM /TELEPLOC a x:193 Y:1227 Map:1
7/18/2021 12:00:11 PM /TELEPLOC a x:193 Y:1227 Map:1
7/18/2021 12:00:12 PM /TELEPLOC a x:193 Y:1227 Map:1
7/18/2021 12:00:14 PM /TELEPLOC a x:193 Y:1227 Map:1
7/18/2021 12:00:15 PM /TELEPLOC a x:193 Y:1227 Map:1
7/18/2021 12:00:16 PM /TELEPLOC a x:193 Y:1227 Map:1
7/18/2021 12:00:19 PM /TELEPLOC a x:193 Y:1227 Map:1
7/18/2021 12:00:20 PM /TELEPLOC a x:193 Y:1227 Map:1
7/18/2021 12:00:21 PM /TELEPLOC a x:193 Y:1227 Map:1
7/18/2021 12:00:22 PM /TELEPLOC a x:193 Y:1227 Map:1
7/18/2021 12:00:23 PM /TELEPLOC a x:193 Y:1227 Map:1
7/18/2021 12:00:25 PM /TELEPLOC a x:193 Y:1227 Map:1
7/18/2021 12:00:25 PM /TELEPLOC a x:193 Y:1227 Map:1
7/18/2021 12:00:26 PM /TELEPLOC a x:193 Y:1227 Map:1
7/18/2021 12:00:27 PM /TELEPLOC a x:193 Y:1227 Map:1
7/18/2021 12:00:27 PM /TELEPLOC a x:193 Y:1227 Map:1
7/18/2021 12:00:28 PM /TELEPLOC a x:193 Y:1227 Map:1
7/18/2021 12:00:29 PM /TELEPLOC a x:193 Y:1227 Map:1
7/18/2021 12:00:29 PM /TELEPLOC a x:193 Y:1227 Map:1
7/18/2021 12:00:30 PM /TELEPLOC a x:193 Y:1227 Map:1
7/18/2021 12:00:30 PM /TELEPLOC a x:193 Y:1227 Map:1
7/18/2021 12:00:31 PM /TELEPLOC a x:193 Y:1227 Map:1
7/18/2021 12:00:32 PM /TELEPLOC a x:193 Y:1227 Map:1
7/18/2021 12:00:32 PM /TELEPLOC a x:193 Y:1227 Map:1
7/18/2021 12:00:40 PM Transportó a deidhara hacia Mapa1 X:304 Y:854
7/18/2021 12:00:43 PM /TELEPLOC a x:193 Y:1227 Map:1
7/18/2021 12:00:44 PM /TELEPLOC a x:193 Y:1227 Map:1
7/18/2021 12:00:44 PM /TELEPLOC a x:193 Y:1227 Map:1
7/18/2021 12:00:45 PM /TELEPLOC a x:193 Y:1227 Map:1
7/18/2021 12:00:46 PM /TELEPLOC a x:193 Y:1227 Map:1
7/18/2021 12:00:46 PM /TELEPLOC a x:193 Y:1227 Map:1
7/18/2021 12:00:47 PM /TELEPLOC a x:193 Y:1227 Map:1
7/18/2021 12:00:47 PM /TELEPLOC a x:193 Y:1227 Map:1
7/18/2021 12:00:48 PM /TELEPLOC a x:193 Y:1227 Map:1
7/18/2021 12:00:48 PM /TELEPLOC a x:193 Y:1227 Map:1
7/18/2021 12:00:48 PM /TELEPLOC a x:193 Y:1227 Map:1
7/18/2021 12:00:49 PM /TELEPLOC a x:193 Y:1227 Map:1
7/18/2021 12:00:49 PM /TELEPLOC a x:193 Y:1227 Map:1
7/18/2021 12:00:50 PM /TELEPLOC a x:193 Y:1227 Map:1
7/18/2021 12:00:50 PM /TELEPLOC a x:193 Y:1227 Map:1
7/18/2021 12:00:51 PM /TELEPLOC a x:193 Y:1227 Map:1
7/18/2021 12:00:51 PM /TELEPLOC a x:193 Y:1227 Map:1
7/18/2021 12:00:51 PM /TELEPLOC a x:193 Y:1227 Map:1
7/18/2021 12:00:52 PM /TELEPLOC a x:193 Y:1227 Map:1
7/18/2021 12:00:52 PM /TELEPLOC a x:193 Y:1227 Map:1
7/18/2021 12:00:53 PM /TELEPLOC a x:193 Y:1227 Map:1
7/18/2021 12:00:53 PM /TELEPLOC a x:193 Y:1227 Map:1
7/18/2021 12:00:54 PM /TELEPLOC a x:193 Y:1227 Map:1
7/18/2021 12:00:55 PM /TELEPLOC a x:193 Y:1227 Map:1
7/18/2021 12:00:55 PM /TELEPLOC a x:193 Y:1227 Map:1
7/18/2021 12:00:56 PM /TELEPLOC a x:193 Y:1227 Map:1
7/18/2021 12:00:56 PM /TELEPLOC a x:193 Y:1227 Map:1
7/18/2021 12:00:56 PM /TELEPLOC a x:193 Y:1227 Map:1
7/18/2021 12:00:57 PM /TELEPLOC a x:193 Y:1227 Map:1
7/18/2021 12:00:57 PM /TELEPLOC a x:193 Y:1227 Map:1
7/18/2021 12:00:58 PM /TELEPLOC a x:193 Y:1227 Map:1
7/18/2021 12:00:59 PM /TELEPLOC a x:193 Y:1227 Map:1
7/18/2021 12:00:59 PM /TELEPLOC a x:193 Y:1227 Map:1
7/18/2021 12:01:00 PM /TELEPLOC a x:193 Y:1227 Map:1
7/18/2021 12:01:00 PM /TELEPLOC a x:193 Y:1227 Map:1
7/18/2021 12:01:01 PM /TELEPLOC a x:193 Y:1227 Map:1
7/18/2021 12:01:39 PM /TELEPLOC a x:224 Y:636 Map:1
7/18/2021 12:01:39 PM /TELEPLOC a x:224 Y:636 Map:1
7/18/2021 12:01:41 PM /TELEPLOC a x:224 Y:636 Map:1
7/18/2021 12:01:41 PM /TELEPLOC a x:224 Y:636 Map:1
7/18/2021 12:01:42 PM /TELEPLOC a x:224 Y:636 Map:1
7/18/2021 12:01:42 PM /TELEPLOC a x:224 Y:636 Map:1
7/18/2021 12:01:43 PM /TELEPLOC a x:224 Y:636 Map:1
7/18/2021 12:01:43 PM /TELEPLOC a x:224 Y:636 Map:1
7/18/2021 12:01:44 PM /TELEPLOC a x:224 Y:636 Map:1
7/18/2021 12:01:44 PM /TELEPLOC a x:224 Y:636 Map:1
7/18/2021 12:01:50 PM /TELEPLOC a x:224 Y:636 Map:1
7/18/2021 12:01:51 PM /TELEPLOC a x:224 Y:636 Map:1
7/18/2021 12:01:52 PM /TELEPLOC a x:224 Y:636 Map:1
7/18/2021 12:01:53 PM /TELEPLOC a x:224 Y:636 Map:1
7/18/2021 12:01:56 PM Agarro:1 Objeto:Manzana Roja
7/18/2021 12:02:09 PM /TELEPLOC a x:224 Y:636 Map:1
7/18/2021 12:02:10 PM /TELEPLOC a x:224 Y:636 Map:1
7/18/2021 12:02:10 PM /TELEPLOC a x:224 Y:636 Map:1
7/18/2021 12:02:10 PM /TELEPLOC a x:224 Y:636 Map:1
7/18/2021 12:02:11 PM /TELEPLOC a x:224 Y:636 Map:1
7/18/2021 12:02:12 PM /TELEPLOC a x:224 Y:636 Map:1
7/18/2021 12:02:13 PM /TELEPLOC a x:224 Y:636 Map:1
7/18/2021 12:02:19 PM /TELEPLOC a x:134 Y:542 Map:1
7/18/2021 12:03:36 PM /TELEPLOC a x:123 Y:544 Map:1
7/18/2021 12:03:39 PM /TELEPLOC a x:123 Y:544 Map:1
7/18/2021 12:03:41 PM /TELEPLOC a x:123 Y:544 Map:1
7/18/2021 12:03:42 PM /TELEPLOC a x:123 Y:544 Map:1
7/18/2021 12:04:01 PM /TELEPLOC a x:123 Y:544 Map:1
7/18/2021 12:04:12 PM /TELEPLOC a x:123 Y:544 Map:1
7/18/2021 12:04:15 PM /TELEPLOC a x:139 Y:538 Map:1
7/18/2021 12:04:15 PM /TELEPLOC a x:139 Y:538 Map:1
7/18/2021 12:04:18 PM /TELEPLOC a x:139 Y:538 Map:1
7/18/2021 12:04:21 PM /TELEPLOC a x:139 Y:538 Map:1
7/18/2021 12:04:24 PM /TELEPLOC a x:139 Y:538 Map:1
7/18/2021 12:04:26 PM /TELEPLOC a x:139 Y:538 Map:1
7/18/2021 12:04:28 PM /TELEPLOC a x:139 Y:538 Map:1
7/18/2021 12:04:28 PM /TELEPLOC a x:139 Y:538 Map:1
7/18/2021 12:04:29 PM /TELEPLOC a x:139 Y:538 Map:1
7/18/2021 12:05:57 PM /TELEPLOC a x:139 Y:538 Map:1
7/18/2021 12:05:58 PM /TELEPLOC a x:139 Y:538 Map:1
7/18/2021 12:05:58 PM /TELEPLOC a x:139 Y:538 Map:1
7/18/2021 12:05:59 PM /TELEPLOC a x:139 Y:538 Map:1
7/18/2021 12:06:00 PM /TELEPLOC a x:139 Y:538 Map:1
7/18/2021 12:06:00 PM /TELEPLOC a x:139 Y:538 Map:1
7/18/2021 12:06:01 PM /TELEPLOC a x:139 Y:538 Map:1
7/18/2021 12:06:01 PM /TELEPLOC a x:139 Y:538 Map:1
7/18/2021 12:06:02 PM /TELEPLOC a x:139 Y:538 Map:1
7/18/2021 12:06:02 PM /TELEPLOC a x:139 Y:538 Map:1
7/18/2021 12:06:03 PM /TELEPLOC a x:139 Y:538 Map:1
7/18/2021 12:06:03 PM /TELEPLOC a x:139 Y:538 Map:1
7/18/2021 12:06:04 PM /TELEPLOC a x:139 Y:538 Map:1
7/18/2021 12:06:04 PM /TELEPLOC a x:139 Y:538 Map:1
7/18/2021 12:06:05 PM /TELEPLOC a x:139 Y:538 Map:1
7/18/2021 12:06:05 PM /TELEPLOC a x:139 Y:538 Map:1
7/18/2021 12:06:06 PM /TELEPLOC a x:139 Y:538 Map:1
7/18/2021 12:06:06 PM /TELEPLOC a x:139 Y:538 Map:1
7/18/2021 12:06:07 PM /TELEPLOC a x:139 Y:538 Map:1
7/18/2021 12:06:07 PM /TELEPLOC a x:139 Y:538 Map:1
7/18/2021 12:06:08 PM /TELEPLOC a x:139 Y:538 Map:1
7/18/2021 12:06:08 PM /TELEPLOC a x:139 Y:538 Map:1
7/18/2021 12:06:09 PM /TELEPLOC a x:139 Y:538 Map:1
7/18/2021 12:06:09 PM /TELEPLOC a x:139 Y:538 Map:1
7/18/2021 12:06:21 PM /TELEPLOC a x:289 Y:216 Map:1
7/18/2021 12:06:22 PM /TELEPLOC a x:289 Y:216 Map:1
7/18/2021 12:06:23 PM /TELEPLOC a x:289 Y:216 Map:1
7/18/2021 12:06:25 PM /TELEPLOC a x:289 Y:216 Map:1
7/18/2021 12:06:36 PM /TELEPLOC a x:289 Y:216 Map:1
7/18/2021 12:06:37 PM /TELEPLOC a x:289 Y:216 Map:1
7/18/2021 12:06:37 PM /TELEPLOC a x:289 Y:216 Map:1
7/18/2021 12:06:38 PM /TELEPLOC a x:289 Y:216 Map:1
7/18/2021 12:06:38 PM /TELEPLOC a x:289 Y:216 Map:1
7/18/2021 12:06:39 PM /TELEPLOC a x:289 Y:216 Map:1
7/18/2021 12:06:40 PM /TELEPLOC a x:289 Y:216 Map:1
7/18/2021 12:06:40 PM /TELEPLOC a x:289 Y:216 Map:1
7/18/2021 12:06:41 PM /TELEPLOC a x:289 Y:216 Map:1
7/18/2021 12:06:41 PM /TELEPLOC a x:289 Y:216 Map:1
7/18/2021 12:06:42 PM /TELEPLOC a x:289 Y:216 Map:1
7/18/2021 12:06:42 PM /TELEPLOC a x:289 Y:216 Map:1
7/18/2021 12:06:43 PM /TELEPLOC a x:289 Y:216 Map:1
7/18/2021 12:06:43 PM /TELEPLOC a x:289 Y:216 Map:1
7/18/2021 12:07:04 PM /TELEPLOC a x:289 Y:216 Map:26
7/18/2021 12:07:04 PM /TELEPLOC a x:289 Y:216 Map:26
7/18/2021 12:07:05 PM /TELEPLOC a x:289 Y:216 Map:26
7/18/2021 12:07:05 PM /TELEPLOC a x:289 Y:216 Map:26
7/18/2021 12:07:06 PM /TELEPLOC a x:289 Y:216 Map:26
7/18/2021 12:07:06 PM /TELEPLOC a x:289 Y:216 Map:26
7/18/2021 12:07:07 PM /TELEPLOC a x:289 Y:216 Map:26
7/18/2021 12:07:07 PM /TELEPLOC a x:289 Y:216 Map:26
7/18/2021 12:07:08 PM /TELEPLOC a x:289 Y:216 Map:26
7/18/2021 12:07:08 PM /TELEPLOC a x:289 Y:216 Map:26
7/18/2021 12:07:08 PM /TELEPLOC a x:289 Y:216 Map:26
7/18/2021 12:07:09 PM /TELEPLOC a x:289 Y:216 Map:26
7/18/2021 12:07:09 PM /TELEPLOC a x:289 Y:216 Map:26
7/18/2021 12:07:10 PM /TELEPLOC a x:289 Y:216 Map:26
7/18/2021 12:07:10 PM /TELEPLOC a x:289 Y:216 Map:26
7/18/2021 12:07:11 PM /TELEPLOC a x:289 Y:216 Map:26
7/18/2021 12:07:11 PM /TELEPLOC a x:289 Y:216 Map:26
7/18/2021 12:07:12 PM /TELEPLOC a x:289 Y:216 Map:26
7/18/2021 12:07:12 PM /TELEPLOC a x:289 Y:216 Map:26
7/18/2021 12:07:13 PM /TELEPLOC a x:289 Y:216 Map:26
7/18/2021 12:07:13 PM /TELEPLOC a x:289 Y:216 Map:26
7/18/2021 12:07:14 PM /TELEPLOC a x:289 Y:216 Map:26
7/18/2021 12:07:14 PM /TELEPLOC a x:289 Y:216 Map:26
7/18/2021 12:07:15 PM /TELEPLOC a x:289 Y:216 Map:26
7/18/2021 12:07:15 PM /TELEPLOC a x:289 Y:216 Map:26
7/18/2021 12:07:16 PM /TELEPLOC a x:289 Y:216 Map:26
7/18/2021 12:07:16 PM /TELEPLOC a x:289 Y:216 Map:26
7/18/2021 12:07:17 PM /TELEPLOC a x:289 Y:216 Map:26
7/18/2021 12:07:17 PM /TELEPLOC a x:289 Y:216 Map:26
7/18/2021 12:07:18 PM /TELEPLOC a x:289 Y:216 Map:26
7/18/2021 12:07:18 PM /TELEPLOC a x:289 Y:216 Map:26
7/18/2021 12:07:19 PM /TELEPLOC a x:289 Y:216 Map:26
7/18/2021 12:07:19 PM /TELEPLOC a x:289 Y:216 Map:26
7/18/2021 12:07:20 PM /TELEPLOC a x:289 Y:216 Map:26
7/18/2021 12:07:20 PM /TELEPLOC a x:289 Y:216 Map:26
7/18/2021 12:07:21 PM /TELEPLOC a x:289 Y:216 Map:26
7/18/2021 12:07:21 PM /TELEPLOC a x:289 Y:216 Map:26
7/18/2021 12:07:22 PM /TELEPLOC a x:289 Y:216 Map:26
7/18/2021 12:07:22 PM /TELEPLOC a x:289 Y:216 Map:26
7/18/2021 12:07:23 PM /TELEPLOC a x:289 Y:216 Map:26
7/18/2021 12:07:23 PM /TELEPLOC a x:289 Y:216 Map:26
7/18/2021 12:07:23 PM /TELEPLOC a x:289 Y:216 Map:26
7/18/2021 12:07:24 PM /TELEPLOC a x:289 Y:216 Map:26
7/18/2021 12:07:25 PM /TELEPLOC a x:289 Y:216 Map:26
7/18/2021 12:07:25 PM /TELEPLOC a x:289 Y:216 Map:26
7/18/2021 12:07:26 PM /TELEPLOC a x:289 Y:216 Map:26
7/18/2021 12:07:26 PM /TELEPLOC a x:289 Y:216 Map:26
7/18/2021 12:07:27 PM /TELEPLOC a x:289 Y:216 Map:26
7/18/2021 12:07:48 PM /TELEPLOC a x:289 Y:216 Map:8
7/18/2021 12:07:49 PM /TELEPLOC a x:289 Y:216 Map:8
7/18/2021 12:07:50 PM /TELEPLOC a x:289 Y:216 Map:8
7/18/2021 12:07:50 PM /TELEPLOC a x:289 Y:216 Map:8
7/18/2021 12:07:51 PM /TELEPLOC a x:289 Y:216 Map:8
7/18/2021 12:07:51 PM /TELEPLOC a x:289 Y:216 Map:8
7/18/2021 12:09:28 PM /TELEPLOC a x:289 Y:216 Map:8
7/18/2021 12:09:37 PM /TELEPLOC a x:289 Y:216 Map:8
7/18/2021 12:09:39 PM /TELEPLOC a x:289 Y:216 Map:8
7/18/2021 12:09:41 PM /TELEPLOC a x:289 Y:216 Map:8
7/18/2021 12:09:42 PM /TELEPLOC a x:289 Y:216 Map:8
7/18/2021 12:09:42 PM /TELEPLOC a x:289 Y:216 Map:8
7/18/2021 12:09:43 PM /TELEPLOC a x:289 Y:216 Map:8
7/18/2021 12:09:44 PM /TELEPLOC a x:289 Y:216 Map:8
7/18/2021 12:09:44 PM /TELEPLOC a x:289 Y:216 Map:8
7/18/2021 12:09:45 PM /TELEPLOC a x:289 Y:216 Map:8
7/18/2021 12:10:04 PM /TELEPLOC a x:289 Y:216 Map:1
7/18/2021 12:10:05 PM /TELEPLOC a x:289 Y:216 Map:1
7/18/2021 12:10:07 PM /TELEPLOC a x:289 Y:216 Map:8
7/18/2021 12:10:08 PM /TELEPLOC a x:289 Y:216 Map:8
7/18/2021 12:10:08 PM /TELEPLOC a x:289 Y:216 Map:8
7/18/2021 12:10:09 PM /TELEPLOC a x:289 Y:216 Map:8
7/18/2021 12:10:09 PM /TELEPLOC a x:289 Y:216 Map:8
7/18/2021 12:10:10 PM /TELEPLOC a x:289 Y:216 Map:8
7/18/2021 12:10:10 PM /TELEPLOC a x:289 Y:216 Map:8
7/18/2021 12:10:40 PM /TELEPLOC a x:105 Y:29 Map:1
7/18/2021 12:10:51 PM /LLUVIA
7/18/2021 12:11:01 PM /TELEPLOC a x:313 Y:859 Map:1
7/18/2021 12:11:06 PM /TELEPLOC a x:313 Y:859 Map:18
7/18/2021 12:11:07 PM /TELEPLOC a x:313 Y:859 Map:18
7/18/2021 12:11:07 PM /TELEPLOC a x:313 Y:859 Map:18
7/18/2021 12:11:08 PM /TELEPLOC a x:313 Y:859 Map:18
7/18/2021 12:11:08 PM /TELEPLOC a x:313 Y:859 Map:18
7/18/2021 12:11:08 PM /TELEPLOC a x:313 Y:859 Map:18
7/18/2021 12:11:09 PM /TELEPLOC a x:313 Y:859 Map:18
7/18/2021 12:11:10 PM /TELEPLOC a x:313 Y:859 Map:18
7/18/2021 12:11:11 PM /TELEPLOC a x:313 Y:859 Map:18
7/18/2021 12:12:23 PM Se conecto con ip:181.170.144.170
7/18/2021 12:12:25 PM /TELEPLOC a x:313 Y:859 Map:18
7/18/2021 12:12:25 PM /TELEPLOC a x:313 Y:859 Map:18
7/18/2021 12:12:26 PM /TELEPLOC a x:313 Y:859 Map:18
7/18/2021 12:12:26 PM /TELEPLOC a x:313 Y:859 Map:18
7/18/2021 12:12:27 PM /TELEPLOC a x:313 Y:859 Map:18
7/18/2021 12:12:27 PM /TELEPLOC a x:313 Y:859 Map:18
7/18/2021 12:12:28 PM /TELEPLOC a x:313 Y:859 Map:18
7/18/2021 12:12:30 PM /TELEPLOC a x:313 Y:859 Map:1
7/18/2021 12:12:31 PM /TELEPLOC a x:313 Y:859 Map:1
7/18/2021 12:12:31 PM /TELEPLOC a x:313 Y:859 Map:1
7/18/2021 12:12:32 PM /TELEPLOC a x:313 Y:859 Map:1
7/18/2021 12:12:33 PM /TELEPLOC a x:313 Y:859 Map:1
7/18/2021 12:12:33 PM /TELEPLOC a x:313 Y:859 Map:1
7/18/2021 12:12:33 PM /TELEPLOC a x:313 Y:859 Map:1
7/18/2021 12:12:34 PM /TELEPLOC a x:313 Y:859 Map:1
7/18/2021 12:12:34 PM /TELEPLOC a x:313 Y:859 Map:1
7/18/2021 12:12:34 PM /TELEPLOC a x:313 Y:859 Map:1
7/18/2021 12:12:35 PM /TELEPLOC a x:313 Y:859 Map:1
7/18/2021 12:12:35 PM /TELEPLOC a x:313 Y:859 Map:1
7/18/2021 12:12:36 PM /TELEPLOC a x:313 Y:859 Map:1
7/18/2021 12:12:36 PM /TELEPLOC a x:313 Y:859 Map:1
7/18/2021 12:12:36 PM /TELEPLOC a x:313 Y:859 Map:1
7/18/2021 12:12:37 PM /TELEPLOC a x:313 Y:859 Map:1
7/18/2021 12:12:37 PM /TELEPLOC a x:313 Y:859 Map:1
7/18/2021 12:12:37 PM /TELEPLOC a x:313 Y:859 Map:1
7/18/2021 12:12:38 PM /TELEPLOC a x:313 Y:859 Map:1
7/18/2021 12:12:38 PM /TELEPLOC a x:313 Y:859 Map:1
7/18/2021 12:12:39 PM /TELEPLOC a x:313 Y:859 Map:1
7/18/2021 12:12:39 PM /TELEPLOC a x:313 Y:859 Map:1
7/18/2021 12:12:40 PM /TELEPLOC a x:313 Y:859 Map:1
7/18/2021 12:12:40 PM /TELEPLOC a x:313 Y:859 Map:1
7/18/2021 12:12:41 PM /TELEPLOC a x:313 Y:859 Map:1
7/18/2021 12:12:41 PM /TELEPLOC a x:313 Y:859 Map:1
7/18/2021 12:12:42 PM /TELEPLOC a x:313 Y:859 Map:1
7/18/2021 12:12:42 PM /TELEPLOC a x:313 Y:859 Map:1
7/18/2021 12:12:43 PM /TELEPLOC a x:313 Y:859 Map:1
7/18/2021 12:12:43 PM /TELEPLOC a x:313 Y:859 Map:1
7/18/2021 12:12:44 PM /TELEPLOC a x:313 Y:859 Map:1
7/18/2021 12:12:44 PM /TELEPLOC a x:313 Y:859 Map:1
7/18/2021 12:12:45 PM /TELEPLOC a x:313 Y:859 Map:1
7/18/2021 12:12:45 PM /TELEPLOC a x:313 Y:859 Map:1
7/18/2021 12:12:46 PM /TELEPLOC a x:313 Y:859 Map:1
7/18/2021 12:12:46 PM /TELEPLOC a x:313 Y:859 Map:1
7/18/2021 12:12:47 PM /TELEPLOC a x:313 Y:859 Map:1
7/18/2021 12:12:48 PM /TELEPLOC a x:313 Y:859 Map:1
7/18/2021 12:12:48 PM /TELEPLOC a x:313 Y:859 Map:1
7/18/2021 12:12:49 PM /TELEPLOC a x:313 Y:859 Map:1
7/18/2021 12:13:04 PM /TELEPLOC a x:313 Y:859 Map:1
7/18/2021 12:13:09 PM /TELEPLOC a x:218 Y:1227 Map:1
7/18/2021 12:13:10 PM /TELEPLOC a x:218 Y:1227 Map:1
7/18/2021 12:13:11 PM /TELEPLOC a x:218 Y:1227 Map:1
7/18/2021 12:13:28 PM /TELEPLOC a x:194 Y:1225 Map:1
7/18/2021 12:13:29 PM /TELEPLOC a x:194 Y:1225 Map:1
7/18/2021 12:13:36 PM /TELEPLOC a x:176 Y:1243 Map:1
7/18/2021 12:13:37 PM /TELEPLOC a x:176 Y:1243 Map:1
7/18/2021 12:13:38 PM /TELEPLOC a x:176 Y:1243 Map:1
7/18/2021 12:13:39 PM /TELEPLOC a x:176 Y:1243 Map:1
7/18/2021 12:13:41 PM /TELEPLOC a x:176 Y:1243 Map:1
7/18/2021 12:13:42 PM /TELEPLOC a x:176 Y:1243 Map:1
7/18/2021 12:13:43 PM /TELEPLOC a x:176 Y:1243 Map:1
7/18/2021 12:13:44 PM /TELEPLOC a x:176 Y:1243 Map:1
7/18/2021 12:13:46 PM /TELEPLOC a x:176 Y:1243 Map:1
7/18/2021 12:13:46 PM /TELEPLOC a x:176 Y:1243 Map:1
7/18/2021 12:13:47 PM /TELEPLOC a x:176 Y:1243 Map:1
7/18/2021 12:15:49 PM /TELEPLOC a x:185 Y:1199 Map:1
7/18/2021 12:15:50 PM /TELEPLOC a x:185 Y:1199 Map:1
7/18/2021 12:15:50 PM /TELEPLOC a x:185 Y:1199 Map:1
7/18/2021 12:15:51 PM /TELEPLOC a x:185 Y:1199 Map:1
7/18/2021 12:15:52 PM /TELEPLOC a x:185 Y:1199 Map:1
7/18/2021 12:16:29 PM /MOD ORO 4000000  deidhara
7/18/2021 12:17:13 PM /MOD ORO 4000000  deidhara
7/18/2021 12:17:30 PM /MOD ORO 4000000  deidhara
7/18/2021 12:17:45 PM /MOD ORO 4000000  deidhara
7/18/2021 12:17:58 PM /TELEPLOC a x:159 Y:1205 Map:1
7/18/2021 12:17:59 PM /TELEPLOC a x:159 Y:1205 Map:1
7/18/2021 12:18:00 PM /TELEPLOC a x:159 Y:1205 Map:1
7/18/2021 12:18:31 PM /TELEPLOC a x:184 Y:1195 Map:1
7/18/2021 12:18:32 PM /TELEPLOC a x:184 Y:1195 Map:1
7/18/2021 12:18:33 PM /TELEPLOC a x:184 Y:1195 Map:1
7/18/2021 12:18:34 PM /TELEPLOC a x:184 Y:1195 Map:1
7/18/2021 12:18:36 PM /TELEPLOC a x:184 Y:1195 Map:1
7/18/2021 12:18:36 PM /TELEPLOC a x:184 Y:1195 Map:1
7/18/2021 12:18:37 PM /TELEPLOC a x:184 Y:1195 Map:1
7/18/2021 12:18:38 PM /TELEPLOC a x:184 Y:1195 Map:1
7/18/2021 12:18:38 PM /TELEPLOC a x:184 Y:1195 Map:1
7/18/2021 12:18:41 PM /TELEPLOC a x:184 Y:1195 Map:1
7/18/2021 12:18:41 PM /TELEPLOC a x:184 Y:1195 Map:1
7/18/2021 12:18:42 PM /TELEPLOC a x:184 Y:1195 Map:1
7/18/2021 12:18:43 PM /TELEPLOC a x:184 Y:1195 Map:1
7/18/2021 12:18:44 PM /TELEPLOC a x:184 Y:1195 Map:1
7/18/2021 12:18:45 PM /TELEPLOC a x:184 Y:1195 Map:1
7/18/2021 12:18:46 PM /TELEPLOC a x:184 Y:1195 Map:1
7/18/2021 12:18:47 PM /TELEPLOC a x:184 Y:1195 Map:1
7/18/2021 12:18:48 PM /TELEPLOC a x:184 Y:1195 Map:1
7/18/2021 12:18:49 PM /TELEPLOC a x:184 Y:1195 Map:1
7/18/2021 12:18:49 PM /TELEPLOC a x:184 Y:1195 Map:1
7/18/2021 12:18:50 PM /TELEPLOC a x:184 Y:1195 Map:1
7/18/2021 12:19:03 PM /TELEPLOC a x:216 Y:1229 Map:1
7/18/2021 12:19:38 PM Tiro cantidad:1 Objeto:Llave Nix Casa Nro 9
7/18/2021 12:19:46 PM Agarro:1 Objeto:Llave Nix Casa Nro 9
7/18/2021 12:19:52 PM /TELEPLOC a x:229 Y:1227 Map:1
7/18/2021 12:19:53 PM /TELEPLOC a x:229 Y:1227 Map:1
7/18/2021 12:19:53 PM /TELEPLOC a x:229 Y:1227 Map:1
7/18/2021 12:19:54 PM /TELEPLOC a x:229 Y:1227 Map:1
7/18/2021 12:19:54 PM /TELEPLOC a x:229 Y:1227 Map:1
7/18/2021 12:19:54 PM /TELEPLOC a x:229 Y:1227 Map:1
7/18/2021 12:19:55 PM /TELEPLOC a x:229 Y:1227 Map:1
7/18/2021 12:19:57 PM /TELEPLOC a x:229 Y:1227 Map:1
7/18/2021 12:20:03 PM /TELEPLOC a x:229 Y:1227 Map:1
7/18/2021 12:20:06 PM /TELEPLOC a x:178 Y:1154 Map:1
7/18/2021 12:20:06 PM /TELEPLOC a x:178 Y:1154 Map:1
7/18/2021 12:20:07 PM /TELEPLOC a x:178 Y:1154 Map:1
7/18/2021 12:20:07 PM /TELEPLOC a x:178 Y:1154 Map:1
7/18/2021 12:20:08 PM /TELEPLOC a x:178 Y:1154 Map:1
7/18/2021 12:20:08 PM /TELEPLOC a x:178 Y:1154 Map:1
7/18/2021 12:20:09 PM /TELEPLOC a x:178 Y:1154 Map:1
7/18/2021 12:20:09 PM /TELEPLOC a x:178 Y:1154 Map:1
7/18/2021 12:20:10 PM /TELEPLOC a x:178 Y:1154 Map:1
7/18/2021 12:20:10 PM /TELEPLOC a x:178 Y:1154 Map:1
7/18/2021 12:20:11 PM /TELEPLOC a x:178 Y:1154 Map:1
7/18/2021 12:20:11 PM /TELEPLOC a x:178 Y:1154 Map:1
7/18/2021 12:20:12 PM /TELEPLOC a x:178 Y:1154 Map:1
7/18/2021 12:20:12 PM /TELEPLOC a x:178 Y:1154 Map:1
7/18/2021 12:20:13 PM /TELEPLOC a x:178 Y:1154 Map:1
7/18/2021 12:20:13 PM /TELEPLOC a x:178 Y:1154 Map:1
7/18/2021 12:20:14 PM /TELEPLOC a x:178 Y:1154 Map:1
7/18/2021 12:20:14 PM /TELEPLOC a x:178 Y:1154 Map:1
7/18/2021 12:20:15 PM /TELEPLOC a x:178 Y:1154 Map:1
7/18/2021 12:20:15 PM /TELEPLOC a x:178 Y:1154 Map:1
7/18/2021 12:20:16 PM /TELEPLOC a x:178 Y:1154 Map:1
7/18/2021 12:20:16 PM /TELEPLOC a x:178 Y:1154 Map:1
7/18/2021 12:20:16 PM /TELEPLOC a x:178 Y:1154 Map:1
7/18/2021 12:20:17 PM /TELEPLOC a x:178 Y:1154 Map:1
7/18/2021 12:20:17 PM /TELEPLOC a x:178 Y:1154 Map:1
7/18/2021 12:20:18 PM /TELEPLOC a x:178 Y:1154 Map:1
7/18/2021 12:20:18 PM /TELEPLOC a x:178 Y:1154 Map:1
7/18/2021 12:20:19 PM /TELEPLOC a x:178 Y:1154 Map:1
7/18/2021 12:20:19 PM /TELEPLOC a x:178 Y:1154 Map:1
7/18/2021 12:20:20 PM /TELEPLOC a x:178 Y:1154 Map:1
7/18/2021 12:20:20 PM /TELEPLOC a x:178 Y:1154 Map:1
7/18/2021 12:20:21 PM /TELEPLOC a x:178 Y:1154 Map:1
7/18/2021 12:20:21 PM /TELEPLOC a x:178 Y:1154 Map:1
7/18/2021 12:20:22 PM /TELEPLOC a x:178 Y:1154 Map:1
7/18/2021 12:20:22 PM /TELEPLOC a x:178 Y:1154 Map:1
7/18/2021 12:20:23 PM /TELEPLOC a x:178 Y:1154 Map:1
7/18/2021 12:20:23 PM /TELEPLOC a x:178 Y:1154 Map:1
7/18/2021 12:20:24 PM /TELEPLOC a x:178 Y:1154 Map:1
7/18/2021 12:20:24 PM /TELEPLOC a x:178 Y:1154 Map:1
7/18/2021 12:20:25 PM /TELEPLOC a x:178 Y:1154 Map:1
7/18/2021 12:20:25 PM /TELEPLOC a x:178 Y:1154 Map:1
7/18/2021 12:20:26 PM /TELEPLOC a x:178 Y:1154 Map:1
7/18/2021 12:20:26 PM /TELEPLOC a x:178 Y:1154 Map:1
7/18/2021 12:20:26 PM /TELEPLOC a x:178 Y:1154 Map:1
7/18/2021 12:20:27 PM /TELEPLOC a x:178 Y:1154 Map:1
7/18/2021 12:20:27 PM /TELEPLOC a x:178 Y:1154 Map:1
7/18/2021 12:20:28 PM /TELEPLOC a x:178 Y:1154 Map:1
7/18/2021 12:20:28 PM /TELEPLOC a x:178 Y:1154 Map:1
7/18/2021 12:20:29 PM /TELEPLOC a x:178 Y:1154 Map:1
7/18/2021 12:20:30 PM /TELEPLOC a x:178 Y:1154 Map:1
7/18/2021 12:20:30 PM /TELEPLOC a x:178 Y:1154 Map:1
7/18/2021 12:20:31 PM /TELEPLOC a x:178 Y:1154 Map:1
7/18/2021 12:20:32 PM /TELEPLOC a x:178 Y:1154 Map:1
7/18/2021 12:20:33 PM /TELEPLOC a x:178 Y:1154 Map:1
7/18/2021 12:20:33 PM /TELEPLOC a x:178 Y:1154 Map:1
7/18/2021 12:20:34 PM /TELEPLOC a x:178 Y:1154 Map:1
7/18/2021 12:21:03 PM /TELEPLOC a x:235 Y:931 Map:1
7/18/2021 12:21:03 PM /TELEPLOC a x:235 Y:931 Map:1
7/18/2021 12:21:04 PM /TELEPLOC a x:235 Y:931 Map:1
7/18/2021 12:21:04 PM /TELEPLOC a x:235 Y:931 Map:1
7/18/2021 12:21:04 PM /TELEPLOC a x:235 Y:931 Map:1
7/18/2021 12:21:05 PM /TELEPLOC a x:235 Y:931 Map:1
7/18/2021 12:21:06 PM /TELEPLOC a x:235 Y:931 Map:1
7/18/2021 12:21:06 PM /TELEPLOC a x:235 Y:931 Map:1
7/18/2021 12:21:07 PM /TELEPLOC a x:235 Y:931 Map:1
7/18/2021 12:21:19 PM /TELEPLOC a x:234 Y:931 Map:1
7/18/2021 12:21:19 PM /TELEPLOC a x:234 Y:931 Map:1
7/18/2021 12:21:20 PM /TELEPLOC a x:234 Y:931 Map:1
7/18/2021 12:21:20 PM /TELEPLOC a x:234 Y:931 Map:1
7/18/2021 12:21:21 PM /TELEPLOC a x:234 Y:931 Map:1
7/18/2021 12:21:22 PM /TELEPLOC a x:234 Y:931 Map:1
7/18/2021 12:21:23 PM /TELEPLOC a x:234 Y:931 Map:1
7/18/2021 12:21:23 PM /TELEPLOC a x:234 Y:931 Map:1
7/18/2021 12:21:24 PM /TELEPLOC a x:234 Y:931 Map:1
7/18/2021 12:21:24 PM /TELEPLOC a x:234 Y:931 Map:1
7/18/2021 12:21:25 PM /TELEPLOC a x:234 Y:931 Map:1
7/18/2021 12:21:26 PM /TELEPLOC a x:234 Y:931 Map:1
7/18/2021 12:21:26 PM /TELEPLOC a x:234 Y:931 Map:1
7/18/2021 12:21:27 PM /TELEPLOC a x:234 Y:931 Map:1
7/18/2021 12:21:27 PM /TELEPLOC a x:234 Y:931 Map:1
7/18/2021 12:21:28 PM /TELEPLOC a x:234 Y:931 Map:1
7/18/2021 12:21:29 PM /TELEPLOC a x:234 Y:931 Map:1
7/18/2021 12:21:29 PM /TELEPLOC a x:234 Y:931 Map:1
7/18/2021 12:21:30 PM /TELEPLOC a x:234 Y:931 Map:1
7/18/2021 12:21:31 PM /TELEPLOC a x:234 Y:931 Map:1
7/18/2021 12:21:31 PM /TELEPLOC a x:234 Y:931 Map:1
7/18/2021 12:21:32 PM /TELEPLOC a x:234 Y:931 Map:1
7/18/2021 12:21:32 PM /TELEPLOC a x:234 Y:931 Map:1
7/18/2021 12:21:33 PM /TELEPLOC a x:234 Y:931 Map:1
7/18/2021 12:21:33 PM /TELEPLOC a x:234 Y:931 Map:1
7/18/2021 12:21:34 PM /TELEPLOC a x:234 Y:931 Map:1
7/18/2021 12:21:34 PM /TELEPLOC a x:234 Y:931 Map:1
7/18/2021 12:21:34 PM /TELEPLOC a x:234 Y:931 Map:1
7/18/2021 12:21:35 PM /TELEPLOC a x:234 Y:931 Map:1
7/18/2021 12:21:35 PM /TELEPLOC a x:234 Y:931 Map:1
7/18/2021 12:21:35 PM /TELEPLOC a x:234 Y:931 Map:1
7/18/2021 12:21:36 PM /TELEPLOC a x:234 Y:931 Map:1
7/18/2021 12:21:37 PM /TELEPLOC a x:234 Y:931 Map:1
7/18/2021 12:21:38 PM /TELEPLOC a x:234 Y:931 Map:1
7/18/2021 12:21:40 PM /TELEPLOC a x:234 Y:931 Map:1
7/18/2021 12:21:40 PM /TELEPLOC a x:234 Y:931 Map:1
7/18/2021 12:21:43 PM /TELEPLOC a x:234 Y:931 Map:1
7/18/2021 12:21:44 PM /TELEPLOC a x:234 Y:931 Map:1
7/18/2021 12:21:45 PM /TELEPLOC a x:234 Y:931 Map:1
7/18/2021 12:21:46 PM /TELEPLOC a x:234 Y:931 Map:1
7/18/2021 12:21:47 PM /TELEPLOC a x:234 Y:931 Map:1
7/18/2021 12:21:47 PM /TELEPLOC a x:234 Y:931 Map:1
7/18/2021 12:21:48 PM /TELEPLOC a x:234 Y:931 Map:1
7/18/2021 12:21:48 PM /TELEPLOC a x:234 Y:931 Map:1
7/18/2021 12:21:49 PM /TELEPLOC a x:234 Y:931 Map:1
7/18/2021 12:21:50 PM /TELEPLOC a x:234 Y:931 Map:1
7/18/2021 12:21:50 PM /TELEPLOC a x:234 Y:931 Map:1
7/18/2021 12:21:51 PM /TELEPLOC a x:234 Y:931 Map:1
7/18/2021 12:21:52 PM /TELEPLOC a x:234 Y:931 Map:1
7/18/2021 12:21:53 PM /TELEPLOC a x:234 Y:931 Map:1
7/18/2021 12:21:53 PM /TELEPLOC a x:234 Y:931 Map:1
7/18/2021 12:21:54 PM /TELEPLOC a x:234 Y:931 Map:1
7/18/2021 12:21:55 PM /TELEPLOC a x:234 Y:931 Map:1
7/18/2021 12:21:56 PM /TELEPLOC a x:234 Y:931 Map:1
7/18/2021 12:21:56 PM /TELEPLOC a x:234 Y:931 Map:1
7/18/2021 12:21:57 PM /TELEPLOC a x:234 Y:931 Map:1
7/18/2021 12:21:58 PM /TELEPLOC a x:234 Y:931 Map:1
7/18/2021 12:21:59 PM /TELEPLOC a x:234 Y:931 Map:1
7/18/2021 12:22:36 PM /TELEPLOC a x:231 Y:932 Map:1
7/18/2021 12:22:37 PM /TELEPLOC a x:231 Y:932 Map:1
7/18/2021 12:22:37 PM /TELEPLOC a x:231 Y:932 Map:1
7/18/2021 12:22:41 PM /TELEPLOC a x:231 Y:932 Map:1
7/18/2021 12:22:42 PM /TELEPLOC a x:231 Y:932 Map:1
7/18/2021 12:22:42 PM /TELEPLOC a x:231 Y:932 Map:1
7/18/2021 12:22:43 PM /TELEPLOC a x:231 Y:932 Map:1
7/18/2021 12:22:44 PM /TELEPLOC a x:231 Y:932 Map:1
7/18/2021 12:22:45 PM /TELEPLOC a x:231 Y:932 Map:1
7/18/2021 12:22:46 PM /TELEPLOC a x:231 Y:932 Map:1
7/18/2021 12:22:47 PM /TELEPLOC a x:231 Y:932 Map:1
7/18/2021 12:22:48 PM /TELEPLOC a x:231 Y:932 Map:1
7/18/2021 12:22:49 PM /TELEPLOC a x:231 Y:932 Map:1
7/18/2021 12:22:50 PM /TELEPLOC a x:231 Y:932 Map:1
7/18/2021 12:22:51 PM /TELEPLOC a x:231 Y:932 Map:1
7/18/2021 12:22:52 PM /TELEPLOC a x:231 Y:932 Map:1
7/18/2021 12:22:53 PM /TELEPLOC a x:231 Y:932 Map:1
7/18/2021 12:22:53 PM /TELEPLOC a x:231 Y:932 Map:1
7/18/2021 12:22:54 PM /TELEPLOC a x:231 Y:932 Map:1
7/18/2021 12:22:54 PM /TELEPLOC a x:231 Y:932 Map:1
7/18/2021 12:22:54 PM /TELEPLOC a x:231 Y:932 Map:1
7/18/2021 12:22:55 PM /TELEPLOC a x:231 Y:932 Map:1
7/18/2021 12:22:56 PM /TELEPLOC a x:231 Y:932 Map:1
7/18/2021 12:22:56 PM /TELEPLOC a x:231 Y:932 Map:1
7/18/2021 12:22:56 PM /TELEPLOC a x:231 Y:932 Map:1
7/18/2021 12:22:57 PM /TELEPLOC a x:231 Y:932 Map:1
7/18/2021 12:22:57 PM /TELEPLOC a x:231 Y:932 Map:1
7/18/2021 12:22:58 PM /TELEPLOC a x:231 Y:932 Map:1
7/18/2021 12:22:58 PM /TELEPLOC a x:231 Y:932 Map:1
7/18/2021 12:22:59 PM /TELEPLOC a x:231 Y:932 Map:1
7/18/2021 12:22:59 PM /TELEPLOC a x:231 Y:932 Map:1
7/18/2021 12:23:00 PM /TELEPLOC a x:231 Y:932 Map:1
7/18/2021 12:23:00 PM /TELEPLOC a x:231 Y:932 Map:1
7/18/2021 12:23:01 PM /TELEPLOC a x:231 Y:932 Map:1
7/18/2021 12:23:02 PM /TELEPLOC a x:231 Y:932 Map:1
7/18/2021 12:23:02 PM /TELEPLOC a x:231 Y:932 Map:1
7/18/2021 12:23:02 PM /TELEPLOC a x:231 Y:932 Map:1
7/18/2021 12:23:03 PM /TELEPLOC a x:231 Y:932 Map:1
7/18/2021 12:23:03 PM /TELEPLOC a x:231 Y:932 Map:1
7/18/2021 12:23:04 PM /TELEPLOC a x:231 Y:932 Map:1
7/18/2021 12:23:04 PM /TELEPLOC a x:231 Y:932 Map:1
7/18/2021 12:23:04 PM /TELEPLOC a x:231 Y:932 Map:1
7/18/2021 12:23:05 PM /TELEPLOC a x:231 Y:932 Map:1
7/18/2021 12:23:05 PM /TELEPLOC a x:231 Y:932 Map:1
7/18/2021 12:23:06 PM /TELEPLOC a x:231 Y:932 Map:1
7/18/2021 12:23:06 PM /TELEPLOC a x:231 Y:932 Map:1
7/18/2021 12:23:07 PM /TELEPLOC a x:231 Y:932 Map:1
7/18/2021 12:23:12 PM /TELEPLOC a x:231 Y:932 Map:1
7/18/2021 12:23:14 PM /TELEPLOC a x:231 Y:932 Map:1
7/18/2021 12:23:16 PM /TELEPLOC a x:231 Y:932 Map:1
7/18/2021 12:23:19 PM /TELEPLOC a x:231 Y:932 Map:1
7/18/2021 12:23:21 PM /TELEPLOC a x:231 Y:932 Map:1
7/18/2021 12:23:21 PM /TELEPLOC a x:231 Y:932 Map:1
7/18/2021 12:23:22 PM /TELEPLOC a x:231 Y:932 Map:1
7/18/2021 12:23:23 PM /TELEPLOC a x:231 Y:932 Map:1
7/18/2021 12:23:27 PM /TELEPLOC a x:231 Y:932 Map:1
7/18/2021 12:23:27 PM /TELEPLOC a x:231 Y:932 Map:1
7/18/2021 12:23:28 PM /TELEPLOC a x:231 Y:932 Map:1
7/18/2021 12:23:29 PM /TELEPLOC a x:231 Y:932 Map:1
7/18/2021 12:23:29 PM /TELEPLOC a x:231 Y:932 Map:1
7/18/2021 12:23:30 PM /TELEPLOC a x:231 Y:932 Map:1
7/18/2021 12:23:30 PM /TELEPLOC a x:231 Y:932 Map:1
7/18/2021 12:23:31 PM /TELEPLOC a x:231 Y:932 Map:1
7/18/2021 12:23:33 PM /TELEPLOC a x:231 Y:932 Map:1
7/18/2021 12:23:34 PM /TELEPLOC a x:231 Y:932 Map:1
7/18/2021 12:23:35 PM /TELEPLOC a x:231 Y:932 Map:1
7/18/2021 12:23:37 PM /TELEPLOC a x:231 Y:932 Map:1
7/18/2021 12:23:38 PM /TELEPLOC a x:231 Y:932 Map:1
7/18/2021 12:23:38 PM /TELEPLOC a x:231 Y:932 Map:1
7/18/2021 12:23:39 PM /TELEPLOC a x:231 Y:932 Map:1
7/18/2021 12:23:42 PM /TELEPLOC a x:231 Y:932 Map:1
7/18/2021 12:23:51 PM /TELEPLOC a x:231 Y:932 Map:11
7/18/2021 12:23:51 PM /TELEPLOC a x:231 Y:932 Map:11
7/18/2021 12:23:52 PM /TELEPLOC a x:231 Y:932 Map:11
7/18/2021 12:23:53 PM /TELEPLOC a x:231 Y:932 Map:11
7/18/2021 12:23:53 PM /TELEPLOC a x:231 Y:932 Map:11
7/18/2021 12:23:53 PM /TELEPLOC a x:231 Y:932 Map:11
7/18/2021 12:23:54 PM /TELEPLOC a x:231 Y:932 Map:11
7/18/2021 12:23:54 PM /TELEPLOC a x:231 Y:932 Map:11
7/18/2021 12:23:55 PM /TELEPLOC a x:231 Y:932 Map:11
7/18/2021 12:23:55 PM /TELEPLOC a x:231 Y:932 Map:11
7/18/2021 12:23:55 PM /TELEPLOC a x:231 Y:932 Map:11
7/18/2021 12:23:56 PM /TELEPLOC a x:231 Y:932 Map:11
7/18/2021 12:23:56 PM /TELEPLOC a x:231 Y:932 Map:11
7/18/2021 12:23:57 PM /TELEPLOC a x:231 Y:932 Map:11
7/18/2021 12:23:57 PM /TELEPLOC a x:231 Y:932 Map:11
7/18/2021 12:23:57 PM /TELEPLOC a x:231 Y:932 Map:11
7/18/2021 12:23:58 PM /TELEPLOC a x:231 Y:932 Map:11
7/18/2021 12:23:58 PM /TELEPLOC a x:231 Y:932 Map:11
7/18/2021 12:23:59 PM /TELEPLOC a x:231 Y:932 Map:11
7/18/2021 12:23:59 PM /TELEPLOC a x:231 Y:932 Map:11
7/18/2021 12:23:59 PM /TELEPLOC a x:231 Y:932 Map:11
7/18/2021 12:24:00 PM /TELEPLOC a x:231 Y:932 Map:11
7/18/2021 12:24:00 PM /TELEPLOC a x:231 Y:932 Map:11
7/18/2021 12:24:01 PM /TELEPLOC a x:231 Y:932 Map:11
7/18/2021 12:24:01 PM /TELEPLOC a x:231 Y:932 Map:11
7/18/2021 12:24:02 PM /TELEPLOC a x:231 Y:932 Map:11
7/18/2021 12:24:02 PM /TELEPLOC a x:231 Y:932 Map:11
7/18/2021 12:24:03 PM /TELEPLOC a x:231 Y:932 Map:11
7/18/2021 12:24:03 PM /TELEPLOC a x:231 Y:932 Map:11
7/18/2021 12:24:04 PM /TELEPLOC a x:231 Y:932 Map:11
7/18/2021 12:24:04 PM /TELEPLOC a x:231 Y:932 Map:11
7/18/2021 12:24:04 PM /TELEPLOC a x:231 Y:932 Map:11
7/18/2021 12:24:05 PM /TELEPLOC a x:231 Y:932 Map:11
7/18/2021 12:24:06 PM /TELEPLOC a x:231 Y:932 Map:11
7/18/2021 12:24:06 PM /TELEPLOC a x:231 Y:932 Map:11
7/18/2021 12:24:07 PM /TELEPLOC a x:231 Y:932 Map:11
7/18/2021 12:24:07 PM /TELEPLOC a x:231 Y:932 Map:11
7/18/2021 12:24:08 PM /TELEPLOC a x:231 Y:932 Map:11
7/18/2021 12:24:08 PM /TELEPLOC a x:231 Y:932 Map:11
7/18/2021 12:24:09 PM /TELEPLOC a x:231 Y:932 Map:11
7/18/2021 12:24:10 PM /TELEPLOC a x:231 Y:932 Map:11
7/18/2021 12:24:10 PM /TELEPLOC a x:231 Y:932 Map:11
7/18/2021 12:24:10 PM /TELEPLOC a x:231 Y:932 Map:11
7/18/2021 12:24:11 PM /TELEPLOC a x:231 Y:932 Map:11
7/18/2021 12:24:11 PM /TELEPLOC a x:231 Y:932 Map:11
7/18/2021 12:24:12 PM /TELEPLOC a x:231 Y:932 Map:11
7/18/2021 12:24:12 PM /TELEPLOC a x:231 Y:932 Map:11
7/18/2021 12:24:13 PM /TELEPLOC a x:231 Y:932 Map:11
7/18/2021 12:24:13 PM /TELEPLOC a x:231 Y:932 Map:11
7/18/2021 12:24:14 PM /TELEPLOC a x:231 Y:932 Map:11
7/18/2021 12:24:15 PM /TELEPLOC a x:231 Y:932 Map:11
7/18/2021 12:24:15 PM /TELEPLOC a x:231 Y:932 Map:11
7/18/2021 12:24:15 PM /TELEPLOC a x:231 Y:932 Map:11
7/18/2021 12:24:16 PM /TELEPLOC a x:231 Y:932 Map:11
7/18/2021 12:24:17 PM /TELEPLOC a x:231 Y:932 Map:11
7/18/2021 12:24:17 PM /TELEPLOC a x:231 Y:932 Map:11
7/18/2021 12:24:18 PM /TELEPLOC a x:231 Y:932 Map:11
7/18/2021 12:24:19 PM /TELEPLOC a x:231 Y:932 Map:11
7/18/2021 12:24:19 PM /TELEPLOC a x:231 Y:932 Map:11
7/18/2021 12:24:20 PM /TELEPLOC a x:231 Y:932 Map:11
7/18/2021 12:24:21 PM /TELEPLOC a x:231 Y:932 Map:11
7/18/2021 12:24:21 PM /TELEPLOC a x:231 Y:932 Map:11
7/18/2021 12:24:21 PM /TELEPLOC a x:231 Y:932 Map:11
7/18/2021 12:24:22 PM /TELEPLOC a x:231 Y:932 Map:11
7/18/2021 12:24:22 PM /TELEPLOC a x:231 Y:932 Map:11
7/18/2021 12:24:23 PM /TELEPLOC a x:231 Y:932 Map:11
7/18/2021 12:24:23 PM /TELEPLOC a x:231 Y:932 Map:11
7/18/2021 12:24:24 PM /TELEPLOC a x:231 Y:932 Map:11
7/18/2021 12:24:24 PM /TELEPLOC a x:231 Y:932 Map:11
7/18/2021 12:24:25 PM /TELEPLOC a x:231 Y:932 Map:11
7/18/2021 12:24:25 PM /TELEPLOC a x:231 Y:932 Map:11
7/18/2021 12:24:26 PM /TELEPLOC a x:231 Y:932 Map:11
7/18/2021 12:24:26 PM /TELEPLOC a x:231 Y:932 Map:11
7/18/2021 12:24:27 PM /TELEPLOC a x:231 Y:932 Map:11
7/18/2021 12:24:27 PM /TELEPLOC a x:231 Y:932 Map:11
7/18/2021 12:24:27 PM /TELEPLOC a x:231 Y:932 Map:11
7/18/2021 12:24:29 PM /TELEPLOC a x:231 Y:932 Map:11
7/18/2021 12:24:40 PM /TELEPLOC a x:231 Y:932 Map:1
7/18/2021 12:24:43 PM /TELEPLOC a x:231 Y:932 Map:1
7/18/2021 12:24:47 PM /TELEPLOC a x:231 Y:932 Map:17
7/18/2021 12:24:48 PM /TELEPLOC a x:231 Y:932 Map:17
7/18/2021 12:24:48 PM /TELEPLOC a x:231 Y:932 Map:17
7/18/2021 12:24:49 PM /TELEPLOC a x:231 Y:932 Map:17
7/18/2021 12:24:49 PM /TELEPLOC a x:231 Y:932 Map:17
7/18/2021 12:24:50 PM /TELEPLOC a x:231 Y:932 Map:17
7/18/2021 12:24:50 PM /TELEPLOC a x:231 Y:932 Map:17
7/18/2021 12:24:50 PM /TELEPLOC a x:231 Y:932 Map:17
7/18/2021 12:24:51 PM /TELEPLOC a x:231 Y:932 Map:17
7/18/2021 12:24:51 PM /TELEPLOC a x:231 Y:932 Map:17
7/18/2021 12:24:52 PM /TELEPLOC a x:231 Y:932 Map:17
7/18/2021 12:24:52 PM /TELEPLOC a x:231 Y:932 Map:17
7/18/2021 12:24:53 PM /TELEPLOC a x:231 Y:932 Map:17
7/18/2021 12:24:53 PM /TELEPLOC a x:231 Y:932 Map:17
7/18/2021 12:24:54 PM /TELEPLOC a x:231 Y:932 Map:17
7/18/2021 12:24:54 PM /TELEPLOC a x:231 Y:932 Map:17
7/18/2021 12:24:55 PM /TELEPLOC a x:231 Y:932 Map:17
7/18/2021 12:24:55 PM /TELEPLOC a x:231 Y:932 Map:17
7/18/2021 12:24:56 PM /TELEPLOC a x:231 Y:932 Map:17
7/18/2021 12:24:56 PM /TELEPLOC a x:231 Y:932 Map:17
7/18/2021 12:24:56 PM /TELEPLOC a x:231 Y:932 Map:17
7/18/2021 12:24:57 PM /TELEPLOC a x:231 Y:932 Map:17
7/18/2021 12:24:57 PM /TELEPLOC a x:231 Y:932 Map:17
7/18/2021 12:24:58 PM /TELEPLOC a x:231 Y:932 Map:17
7/18/2021 12:24:58 PM /TELEPLOC a x:231 Y:932 Map:17
7/18/2021 12:24:59 PM /TELEPLOC a x:231 Y:932 Map:17
7/18/2021 12:24:59 PM /TELEPLOC a x:231 Y:932 Map:17
7/18/2021 12:24:59 PM /TELEPLOC a x:231 Y:932 Map:17
7/18/2021 12:25:00 PM /TELEPLOC a x:231 Y:932 Map:17
7/18/2021 12:25:00 PM /TELEPLOC a x:231 Y:932 Map:17
7/18/2021 12:25:01 PM /TELEPLOC a x:231 Y:932 Map:17
7/18/2021 12:25:01 PM /TELEPLOC a x:231 Y:932 Map:17
7/18/2021 12:25:02 PM /TELEPLOC a x:231 Y:932 Map:17
7/18/2021 12:25:02 PM /TELEPLOC a x:231 Y:932 Map:17
7/18/2021 12:25:03 PM /TELEPLOC a x:231 Y:932 Map:17
7/18/2021 12:25:03 PM /TELEPLOC a x:231 Y:932 Map:17
7/18/2021 12:25:03 PM /TELEPLOC a x:231 Y:932 Map:17
7/18/2021 12:25:04 PM /TELEPLOC a x:231 Y:932 Map:17
7/18/2021 12:25:04 PM /TELEPLOC a x:231 Y:932 Map:17
7/18/2021 12:25:05 PM /TELEPLOC a x:231 Y:932 Map:17
7/18/2021 12:25:05 PM /TELEPLOC a x:231 Y:932 Map:17
7/18/2021 12:25:06 PM /TELEPLOC a x:231 Y:932 Map:17
7/18/2021 12:25:06 PM /TELEPLOC a x:231 Y:932 Map:17
7/18/2021 12:25:07 PM /TELEPLOC a x:231 Y:932 Map:17
7/18/2021 12:25:07 PM /TELEPLOC a x:231 Y:932 Map:17
7/18/2021 12:25:07 PM /TELEPLOC a x:231 Y:932 Map:17
7/18/2021 12:25:08 PM /TELEPLOC a x:231 Y:932 Map:17
7/18/2021 12:25:08 PM /TELEPLOC a x:231 Y:932 Map:17
7/18/2021 12:25:09 PM /TELEPLOC a x:231 Y:932 Map:17
7/18/2021 12:25:09 PM /TELEPLOC a x:231 Y:932 Map:17
7/18/2021 12:25:10 PM /TELEPLOC a x:231 Y:932 Map:17
7/18/2021 12:25:10 PM /TELEPLOC a x:231 Y:932 Map:17
7/18/2021 12:25:11 PM /TELEPLOC a x:231 Y:932 Map:17
7/18/2021 12:25:11 PM /TELEPLOC a x:231 Y:932 Map:17
7/18/2021 12:25:12 PM /TELEPLOC a x:231 Y:932 Map:17
7/18/2021 12:25:12 PM /TELEPLOC a x:231 Y:932 Map:17
7/18/2021 12:25:13 PM /TELEPLOC a x:231 Y:932 Map:17
7/18/2021 12:25:13 PM /TELEPLOC a x:231 Y:932 Map:17
7/18/2021 12:25:14 PM /TELEPLOC a x:231 Y:932 Map:17
7/18/2021 12:25:14 PM /TELEPLOC a x:231 Y:932 Map:17
7/18/2021 12:25:15 PM /TELEPLOC a x:231 Y:932 Map:17
7/18/2021 12:25:16 PM /TELEPLOC a x:231 Y:932 Map:17
7/18/2021 12:25:16 PM /TELEPLOC a x:231 Y:932 Map:17
7/18/2021 12:25:17 PM /TELEPLOC a x:231 Y:932 Map:17
7/18/2021 12:25:17 PM /TELEPLOC a x:231 Y:932 Map:17
7/18/2021 12:25:17 PM /TELEPLOC a x:231 Y:932 Map:17
7/18/2021 12:25:18 PM /TELEPLOC a x:231 Y:932 Map:17
7/18/2021 12:25:18 PM /TELEPLOC a x:231 Y:932 Map:17
7/18/2021 12:25:19 PM /TELEPLOC a x:231 Y:932 Map:17
7/18/2021 12:25:19 PM /TELEPLOC a x:231 Y:932 Map:17
7/18/2021 12:25:20 PM /TELEPLOC a x:231 Y:932 Map:17
7/18/2021 12:25:20 PM /TELEPLOC a x:231 Y:932 Map:17
7/18/2021 12:25:21 PM /TELEPLOC a x:231 Y:932 Map:17
7/18/2021 12:25:21 PM /TELEPLOC a x:231 Y:932 Map:17
7/18/2021 12:25:22 PM /TELEPLOC a x:231 Y:932 Map:17
7/18/2021 12:25:22 PM /TELEPLOC a x:231 Y:932 Map:17
7/18/2021 12:25:22 PM /TELEPLOC a x:231 Y:932 Map:17
7/18/2021 12:25:23 PM /TELEPLOC a x:231 Y:932 Map:17
7/18/2021 12:25:23 PM /TELEPLOC a x:231 Y:932 Map:17
7/18/2021 12:25:24 PM /TELEPLOC a x:231 Y:932 Map:17
7/18/2021 12:25:24 PM /TELEPLOC a x:231 Y:932 Map:17
7/18/2021 12:25:24 PM /TELEPLOC a x:231 Y:932 Map:17
7/18/2021 12:25:25 PM /TELEPLOC a x:231 Y:932 Map:17
7/18/2021 12:25:25 PM /TELEPLOC a x:231 Y:932 Map:17
7/18/2021 12:25:26 PM /TELEPLOC a x:231 Y:932 Map:17
7/18/2021 12:25:26 PM /TELEPLOC a x:231 Y:932 Map:17
7/18/2021 12:25:27 PM /TELEPLOC a x:231 Y:932 Map:17
7/18/2021 12:25:27 PM /TELEPLOC a x:231 Y:932 Map:17
7/18/2021 12:25:28 PM /TELEPLOC a x:231 Y:932 Map:17
7/18/2021 12:25:28 PM /TELEPLOC a x:231 Y:932 Map:17
7/18/2021 12:25:29 PM /TELEPLOC a x:231 Y:932 Map:17
7/18/2021 12:25:29 PM /TELEPLOC a x:231 Y:932 Map:17
7/18/2021 12:25:30 PM /TELEPLOC a x:231 Y:932 Map:17
7/18/2021 12:25:30 PM /TELEPLOC a x:231 Y:932 Map:17
7/18/2021 12:25:31 PM /TELEPLOC a x:231 Y:932 Map:17
7/18/2021 12:25:31 PM /TELEPLOC a x:231 Y:932 Map:17
7/18/2021 12:25:32 PM /TELEPLOC a x:231 Y:932 Map:17
7/18/2021 12:25:32 PM /TELEPLOC a x:231 Y:932 Map:17
7/18/2021 12:25:33 PM /TELEPLOC a x:231 Y:932 Map:17
7/18/2021 12:25:33 PM /TELEPLOC a x:231 Y:932 Map:17
7/18/2021 12:25:34 PM /TELEPLOC a x:231 Y:932 Map:17
7/18/2021 12:25:34 PM /TELEPLOC a x:231 Y:932 Map:17
7/18/2021 12:25:35 PM /TELEPLOC a x:231 Y:932 Map:17
7/18/2021 12:25:35 PM /TELEPLOC a x:231 Y:932 Map:17
7/18/2021 12:25:36 PM /TELEPLOC a x:231 Y:932 Map:17
7/18/2021 12:25:36 PM /TELEPLOC a x:231 Y:932 Map:17
7/18/2021 12:25:36 PM /TELEPLOC a x:231 Y:932 Map:17
7/18/2021 12:26:24 PM Se conecto con ip:181.170.144.170
7/18/2021 12:26:27 PM /TELEPLOC a x:231 Y:932 Map:17
7/18/2021 12:26:27 PM /TELEPLOC a x:231 Y:932 Map:17
7/18/2021 12:26:27 PM /TELEPLOC a x:231 Y:932 Map:17
7/18/2021 12:26:28 PM /TELEPLOC a x:231 Y:932 Map:17
7/18/2021 12:26:28 PM /TELEPLOC a x:231 Y:932 Map:17
7/18/2021 12:26:29 PM /TELEPLOC a x:231 Y:932 Map:17
7/18/2021 12:26:29 PM /TELEPLOC a x:231 Y:932 Map:17
7/18/2021 12:26:30 PM /TELEPLOC a x:231 Y:932 Map:17
7/18/2021 12:26:30 PM /TELEPLOC a x:231 Y:932 Map:17
7/18/2021 12:26:30 PM /TELEPLOC a x:231 Y:932 Map:17
7/18/2021 12:26:31 PM /TELEPLOC a x:231 Y:932 Map:17
7/18/2021 12:26:31 PM /TELEPLOC a x:231 Y:932 Map:17
7/18/2021 12:26:42 PM /TELEPLOC a x:231 Y:932 Map:1
7/18/2021 12:26:47 PM /TELEPLOC a x:231 Y:932 Map:1
7/18/2021 12:26:48 PM /TELEPLOC a x:231 Y:932 Map:1
7/18/2021 12:26:49 PM /TELEPLOC a x:231 Y:932 Map:1
7/18/2021 12:26:51 PM /TELEPLOC a x:231 Y:932 Map:1
7/18/2021 12:26:53 PM /TELEPLOC a x:231 Y:932 Map:1
7/18/2021 12:26:53 PM /TELEPLOC a x:231 Y:932 Map:1
7/18/2021 12:26:54 PM /TELEPLOC a x:231 Y:932 Map:1
7/18/2021 12:26:54 PM /TELEPLOC a x:231 Y:932 Map:1
7/18/2021 12:26:55 PM /TELEPLOC a x:231 Y:932 Map:1
7/18/2021 12:26:55 PM /TELEPLOC a x:231 Y:932 Map:1
7/18/2021 12:26:56 PM /TELEPLOC a x:231 Y:932 Map:1
7/18/2021 12:26:56 PM /TELEPLOC a x:231 Y:932 Map:1
7/18/2021 12:26:57 PM /TELEPLOC a x:231 Y:932 Map:1
7/18/2021 12:26:57 PM /TELEPLOC a x:231 Y:932 Map:1
7/18/2021 12:26:58 PM /TELEPLOC a x:231 Y:932 Map:1
7/18/2021 12:26:58 PM /TELEPLOC a x:231 Y:932 Map:1
7/18/2021 12:26:59 PM /TELEPLOC a x:231 Y:932 Map:1
7/18/2021 12:26:59 PM /TELEPLOC a x:231 Y:932 Map:1
7/18/2021 12:26:59 PM /TELEPLOC a x:231 Y:932 Map:1
7/18/2021 12:27:00 PM /TELEPLOC a x:231 Y:932 Map:1
7/18/2021 12:27:01 PM /TELEPLOC a x:231 Y:932 Map:1
7/18/2021 12:27:01 PM /TELEPLOC a x:231 Y:932 Map:1
7/18/2021 12:27:01 PM /TELEPLOC a x:231 Y:932 Map:1
7/18/2021 12:27:02 PM /TELEPLOC a x:231 Y:932 Map:1
7/18/2021 12:27:02 PM /TELEPLOC a x:231 Y:932 Map:1
7/18/2021 12:27:03 PM /TELEPLOC a x:231 Y:932 Map:1
7/18/2021 12:27:04 PM /TELEPLOC a x:231 Y:932 Map:1
7/18/2021 12:27:04 PM /TELEPLOC a x:231 Y:932 Map:1
7/18/2021 12:27:05 PM /TELEPLOC a x:231 Y:932 Map:1
7/18/2021 12:27:05 PM /TELEPLOC a x:231 Y:932 Map:1
7/18/2021 12:27:06 PM /TELEPLOC a x:231 Y:932 Map:1
7/18/2021 12:27:06 PM /TELEPLOC a x:231 Y:932 Map:1
7/18/2021 12:27:07 PM /TELEPLOC a x:231 Y:932 Map:1
7/18/2021 12:27:07 PM /TELEPLOC a x:231 Y:932 Map:1
7/18/2021 12:27:08 PM /TELEPLOC a x:231 Y:932 Map:1
7/18/2021 12:27:08 PM /TELEPLOC a x:231 Y:932 Map:1
7/18/2021 12:27:09 PM /TELEPLOC a x:231 Y:932 Map:1
7/18/2021 12:27:09 PM /TELEPLOC a x:231 Y:932 Map:1
7/18/2021 12:27:09 PM /TELEPLOC a x:231 Y:932 Map:1
7/18/2021 12:27:10 PM /TELEPLOC a x:231 Y:932 Map:1
7/18/2021 12:27:10 PM /TELEPLOC a x:231 Y:932 Map:1
7/18/2021 12:27:11 PM /TELEPLOC a x:231 Y:932 Map:1
7/18/2021 12:27:11 PM /TELEPLOC a x:231 Y:932 Map:1
7/18/2021 12:27:11 PM /TELEPLOC a x:231 Y:932 Map:1
7/18/2021 12:27:12 PM /TELEPLOC a x:231 Y:932 Map:1
7/18/2021 12:27:17 PM /TELEPLOC a x:231 Y:932 Map:1
7/18/2021 12:27:19 PM /TELEPLOC a x:231 Y:932 Map:1
7/18/2021 12:27:22 PM /TELEPLOC a x:231 Y:932 Map:1
7/18/2021 12:27:26 PM /TELEPLOC a x:231 Y:932 Map:1
7/18/2021 12:28:15 PM /TELEPLOC a x:231 Y:932 Map:1
7/18/2021 12:28:16 PM /TELEPLOC a x:231 Y:932 Map:1
7/18/2021 12:28:17 PM /TELEPLOC a x:231 Y:932 Map:1
7/18/2021 12:29:50 PM /TELEPLOC a x:231 Y:932 Map:1
7/18/2021 12:29:50 PM /TELEPLOC a x:231 Y:932 Map:1
7/18/2021 12:29:50 PM /TELEPLOC a x:231 Y:932 Map:1
7/18/2021 12:29:51 PM /TELEPLOC a x:231 Y:932 Map:1
7/18/2021 12:29:57 PM /TELEPLOC a x:231 Y:932 Map:1
7/18/2021 12:30:00 PM /TELEPLOC a x:231 Y:932 Map:1
7/18/2021 12:30:01 PM /TELEPLOC a x:231 Y:932 Map:1
7/18/2021 12:30:02 PM /TELEPLOC a x:231 Y:932 Map:1
7/18/2021 12:30:02 PM /TELEPLOC a x:231 Y:932 Map:1
7/18/2021 12:30:03 PM /TELEPLOC a x:231 Y:932 Map:1
7/18/2021 12:30:03 PM /TELEPLOC a x:231 Y:932 Map:1
7/18/2021 12:30:03 PM /TELEPLOC a x:231 Y:932 Map:1
7/18/2021 12:30:04 PM /TELEPLOC a x:231 Y:932 Map:1
7/18/2021 12:30:04 PM /TELEPLOC a x:231 Y:932 Map:1
7/18/2021 12:30:05 PM /TELEPLOC a x:231 Y:932 Map:1
7/18/2021 12:30:05 PM /TELEPLOC a x:231 Y:932 Map:1
7/18/2021 12:30:05 PM /TELEPLOC a x:231 Y:932 Map:1
7/18/2021 12:30:06 PM /TELEPLOC a x:231 Y:932 Map:1
7/18/2021 12:30:06 PM /TELEPLOC a x:231 Y:932 Map:1
7/18/2021 12:30:07 PM /TELEPLOC a x:231 Y:932 Map:1
7/18/2021 12:30:08 PM /TELEPLOC a x:231 Y:932 Map:1
7/18/2021 12:30:08 PM /TELEPLOC a x:231 Y:932 Map:1
7/18/2021 12:30:09 PM /TELEPLOC a x:231 Y:932 Map:1
7/18/2021 12:30:09 PM /TELEPLOC a x:231 Y:932 Map:1
7/18/2021 12:30:10 PM /TELEPLOC a x:231 Y:932 Map:1
7/18/2021 12:30:11 PM /TELEPLOC a x:231 Y:932 Map:1
7/18/2021 12:30:14 PM /TELEPLOC a x:231 Y:932 Map:1
7/18/2021 12:30:16 PM /TELEPLOC a x:231 Y:932 Map:1
7/18/2021 12:30:21 PM /TELEPLOC a x:231 Y:932 Map:1
7/18/2021 12:34:40 PM /TELEPLOC a x:55 Y:105 Map:14
7/18/2021 12:34:40 PM /TELEPLOC a x:55 Y:105 Map:14
7/18/2021 12:34:41 PM /TELEPLOC a x:55 Y:105 Map:14
7/18/2021 12:34:41 PM /TELEPLOC a x:55 Y:105 Map:14
7/18/2021 12:34:42 PM /TELEPLOC a x:55 Y:105 Map:14
7/18/2021 12:34:42 PM /TELEPLOC a x:55 Y:105 Map:14
7/18/2021 12:34:44 PM /TELEPLOC a x:55 Y:105 Map:14
7/18/2021 12:34:53 PM /TELEPLOC a x:55 Y:105 Map:14
7/18/2021 12:35:29 PM /TELEPLOC a x:55 Y:105 Map:14
7/18/2021 12:35:29 PM /TELEPLOC a x:55 Y:105 Map:14
7/18/2021 12:35:30 PM /TELEPLOC a x:55 Y:105 Map:14
7/18/2021 12:35:31 PM /TELEPLOC a x:55 Y:105 Map:14
7/18/2021 12:35:32 PM /TELEPLOC a x:55 Y:105 Map:14
7/18/2021 12:35:47 PM /TELEPLOC a x:55 Y:105 Map:1
7/18/2021 12:35:48 PM /TELEPLOC a x:55 Y:105 Map:1
7/18/2021 12:35:53 PM /TELEPLOC a x:55 Y:105 Map:1
7/18/2021 12:35:56 PM /TELEPLOC a x:55 Y:105 Map:1
7/18/2021 12:37:48 PM /TELEPLOC a x:55 Y:105 Map:1
7/18/2021 12:39:44 PM /TELEPLOC a x:1006 Y:981 Map:1
7/18/2021 12:39:58 PM /TELEPLOC a x:1006 Y:981 Map:1
7/18/2021 12:40:45 PM /TELEPLOC a x:978 Y:1010 Map:1
7/18/2021 12:40:45 PM /TELEPLOC a x:978 Y:1010 Map:1
7/18/2021 12:40:46 PM /TELEPLOC a x:978 Y:1010 Map:1
7/18/2021 12:40:46 PM /TELEPLOC a x:978 Y:1010 Map:1
7/18/2021 12:40:47 PM /TELEPLOC a x:978 Y:1010 Map:1
7/18/2021 12:40:47 PM /TELEPLOC a x:978 Y:1010 Map:1
7/18/2021 12:40:48 PM /TELEPLOC a x:978 Y:1010 Map:1
7/18/2021 12:40:50 PM /TELEPLOC a x:978 Y:1010 Map:1
7/18/2021 12:40:51 PM /TELEPLOC a x:978 Y:1010 Map:1
7/18/2021 12:42:09 PM /TELEPLOC a x:939 Y:963 Map:1
7/18/2021 12:42:10 PM /TELEPLOC a x:939 Y:963 Map:1
7/18/2021 12:42:11 PM /TELEPLOC a x:939 Y:963 Map:1
7/18/2021 12:42:17 PM /TELEPLOC a x:939 Y:963 Map:1
7/18/2021 12:42:18 PM /TELEPLOC a x:939 Y:963 Map:1
7/18/2021 12:42:19 PM /TELEPLOC a x:939 Y:963 Map:1
7/18/2021 12:42:21 PM /TELEPLOC a x:939 Y:963 Map:1
7/18/2021 12:42:30 PM /TELEPLOC a x:939 Y:963 Map:1
7/18/2021 12:42:31 PM /TELEPLOC a x:939 Y:963 Map:1
7/18/2021 12:42:32 PM /TELEPLOC a x:939 Y:963 Map:1
7/18/2021 12:42:33 PM /TELEPLOC a x:939 Y:963 Map:1
7/18/2021 12:42:34 PM /TELEPLOC a x:939 Y:963 Map:1
7/18/2021 12:42:35 PM /TELEPLOC a x:939 Y:963 Map:1
7/18/2021 12:42:36 PM /TELEPLOC a x:939 Y:963 Map:1
7/18/2021 12:42:36 PM /TELEPLOC a x:939 Y:963 Map:1
7/18/2021 12:42:37 PM /TELEPLOC a x:939 Y:963 Map:1
7/18/2021 12:42:38 PM /TELEPLOC a x:939 Y:963 Map:1
7/18/2021 12:42:38 PM /TELEPLOC a x:939 Y:963 Map:1
7/18/2021 12:42:39 PM /TELEPLOC a x:939 Y:963 Map:1
7/18/2021 12:42:41 PM /TELEPLOC a x:939 Y:963 Map:1
7/18/2021 12:42:41 PM /TELEPLOC a x:939 Y:963 Map:1
7/18/2021 12:42:42 PM /TELEPLOC a x:939 Y:963 Map:1
7/18/2021 12:42:42 PM /TELEPLOC a x:939 Y:963 Map:1
7/18/2021 12:42:43 PM /TELEPLOC a x:939 Y:963 Map:1
7/18/2021 12:42:43 PM /TELEPLOC a x:939 Y:963 Map:1
7/18/2021 12:42:44 PM /TELEPLOC a x:939 Y:963 Map:1
7/18/2021 12:42:44 PM /TELEPLOC a x:939 Y:963 Map:1
7/18/2021 12:42:45 PM /TELEPLOC a x:939 Y:963 Map:1
7/18/2021 12:42:46 PM /TELEPLOC a x:939 Y:963 Map:1
7/18/2021 12:42:47 PM /TELEPLOC a x:939 Y:963 Map:1
7/18/2021 12:42:48 PM /TELEPLOC a x:939 Y:963 Map:1
7/18/2021 12:42:48 PM /TELEPLOC a x:939 Y:963 Map:1
7/18/2021 12:42:49 PM /TELEPLOC a x:939 Y:963 Map:1
7/18/2021 12:42:50 PM /TELEPLOC a x:939 Y:963 Map:1
7/18/2021 12:42:50 PM /TELEPLOC a x:939 Y:963 Map:1
7/18/2021 12:42:51 PM /TELEPLOC a x:939 Y:963 Map:1
7/18/2021 12:42:52 PM /TELEPLOC a x:939 Y:963 Map:1
7/18/2021 12:42:53 PM /TELEPLOC a x:939 Y:963 Map:1
7/18/2021 12:42:53 PM /TELEPLOC a x:939 Y:963 Map:1
7/18/2021 12:42:54 PM /TELEPLOC a x:939 Y:963 Map:1
7/18/2021 12:42:55 PM /TELEPLOC a x:939 Y:963 Map:1
7/18/2021 12:42:56 PM /TELEPLOC a x:939 Y:963 Map:1
7/18/2021 12:42:56 PM /TELEPLOC a x:939 Y:963 Map:1
7/18/2021 12:42:58 PM /TELEPLOC a x:939 Y:963 Map:1
7/18/2021 12:42:58 PM /TELEPLOC a x:939 Y:963 Map:1
7/18/2021 12:42:59 PM /TELEPLOC a x:939 Y:963 Map:1
7/18/2021 12:43:00 PM /TELEPLOC a x:939 Y:963 Map:1
7/18/2021 12:43:01 PM /TELEPLOC a x:939 Y:963 Map:1
7/18/2021 12:43:01 PM /TELEPLOC a x:939 Y:963 Map:1
7/18/2021 12:43:02 PM /TELEPLOC a x:939 Y:963 Map:1
7/18/2021 12:43:03 PM /TELEPLOC a x:939 Y:963 Map:1
7/18/2021 12:43:03 PM /TELEPLOC a x:939 Y:963 Map:1
7/18/2021 12:43:04 PM /TELEPLOC a x:939 Y:963 Map:1
7/18/2021 12:43:05 PM /TELEPLOC a x:939 Y:963 Map:1
7/18/2021 12:43:05 PM /TELEPLOC a x:939 Y:963 Map:1
7/18/2021 12:43:06 PM /TELEPLOC a x:939 Y:963 Map:1
7/18/2021 12:43:07 PM /TELEPLOC a x:939 Y:963 Map:1
7/18/2021 12:43:07 PM /TELEPLOC a x:939 Y:963 Map:1
7/18/2021 12:43:08 PM /TELEPLOC a x:939 Y:963 Map:1
7/18/2021 12:43:09 PM /TELEPLOC a x:939 Y:963 Map:1
7/18/2021 12:43:09 PM /TELEPLOC a x:939 Y:963 Map:1
7/18/2021 12:43:10 PM /TELEPLOC a x:939 Y:963 Map:1
7/18/2021 12:43:11 PM /TELEPLOC a x:939 Y:963 Map:1
7/18/2021 12:43:42 PM /TELEPLOC a x:939 Y:963 Map:1
7/18/2021 12:43:45 PM /TELEPLOC a x:939 Y:963 Map:1
7/18/2021 12:43:47 PM /TELEPLOC a x:939 Y:963 Map:1
7/18/2021 12:43:50 PM /TELEPLOC a x:939 Y:963 Map:1
7/18/2021 12:43:50 PM /TELEPLOC a x:939 Y:963 Map:1
7/18/2021 12:43:51 PM /TELEPLOC a x:939 Y:963 Map:1
7/18/2021 12:43:51 PM /TELEPLOC a x:939 Y:963 Map:1
7/18/2021 12:43:52 PM /TELEPLOC a x:939 Y:963 Map:1
7/18/2021 12:44:22 PM /TELEPLOC a x:939 Y:963 Map:1
7/18/2021 12:44:23 PM /TELEPLOC a x:939 Y:963 Map:1
7/18/2021 12:44:24 PM /TELEPLOC a x:939 Y:963 Map:1
7/18/2021 12:44:24 PM /TELEPLOC a x:939 Y:963 Map:1
7/18/2021 12:44:25 PM /TELEPLOC a x:939 Y:963 Map:1
7/18/2021 12:44:25 PM /TELEPLOC a x:939 Y:963 Map:1
7/18/2021 12:44:26 PM /TELEPLOC a x:939 Y:963 Map:1
7/18/2021 12:44:26 PM /TELEPLOC a x:939 Y:963 Map:1
7/18/2021 12:44:26 PM /TELEPLOC a x:939 Y:963 Map:1
7/18/2021 12:44:27 PM /TELEPLOC a x:939 Y:963 Map:1
7/18/2021 12:44:27 PM /TELEPLOC a x:939 Y:963 Map:1
7/18/2021 12:44:28 PM /TELEPLOC a x:939 Y:963 Map:1
7/18/2021 12:44:28 PM /TELEPLOC a x:939 Y:963 Map:1
7/18/2021 12:44:29 PM /TELEPLOC a x:939 Y:963 Map:1
7/18/2021 12:44:29 PM /TELEPLOC a x:939 Y:963 Map:1
7/18/2021 12:44:30 PM /TELEPLOC a x:939 Y:963 Map:1
7/18/2021 12:44:30 PM /TELEPLOC a x:939 Y:963 Map:1
7/18/2021 12:44:31 PM /TELEPLOC a x:939 Y:963 Map:1
7/18/2021 12:44:31 PM /TELEPLOC a x:939 Y:963 Map:1
7/18/2021 12:44:32 PM /TELEPLOC a x:939 Y:963 Map:1
7/18/2021 12:44:32 PM /TELEPLOC a x:939 Y:963 Map:1
7/18/2021 12:44:33 PM /TELEPLOC a x:939 Y:963 Map:1
7/18/2021 12:44:33 PM /TELEPLOC a x:939 Y:963 Map:1
7/18/2021 12:44:33 PM /TELEPLOC a x:939 Y:963 Map:1
7/18/2021 12:44:34 PM /TELEPLOC a x:939 Y:963 Map:1
7/18/2021 12:44:35 PM /TELEPLOC a x:939 Y:963 Map:1
7/18/2021 12:44:35 PM /TELEPLOC a x:939 Y:963 Map:1
7/18/2021 12:44:36 PM /TELEPLOC a x:939 Y:963 Map:1
7/18/2021 12:44:36 PM /TELEPLOC a x:939 Y:963 Map:1
7/18/2021 12:44:37 PM /TELEPLOC a x:939 Y:963 Map:1
7/18/2021 12:44:37 PM /TELEPLOC a x:939 Y:963 Map:1
7/18/2021 12:44:38 PM /TELEPLOC a x:939 Y:963 Map:1
7/18/2021 12:44:38 PM /TELEPLOC a x:939 Y:963 Map:1
7/18/2021 12:44:39 PM /TELEPLOC a x:939 Y:963 Map:1
7/18/2021 12:44:39 PM /TELEPLOC a x:939 Y:963 Map:1
7/18/2021 12:44:40 PM /TELEPLOC a x:939 Y:963 Map:1
7/18/2021 12:44:41 PM /TELEPLOC a x:939 Y:963 Map:1
7/18/2021 12:44:41 PM /TELEPLOC a x:939 Y:963 Map:1
7/18/2021 12:44:42 PM /TELEPLOC a x:939 Y:963 Map:1
7/18/2021 12:44:43 PM /TELEPLOC a x:939 Y:963 Map:1
7/18/2021 12:44:43 PM /TELEPLOC a x:939 Y:963 Map:1
7/18/2021 12:44:44 PM /TELEPLOC a x:939 Y:963 Map:1
7/18/2021 12:44:45 PM /TELEPLOC a x:939 Y:963 Map:1
7/18/2021 12:44:46 PM /TELEPLOC a x:939 Y:963 Map:1
7/18/2021 12:44:47 PM /TELEPLOC a x:939 Y:963 Map:1
7/18/2021 12:44:48 PM /TELEPLOC a x:939 Y:963 Map:1
7/18/2021 12:44:48 PM /TELEPLOC a x:939 Y:963 Map:1
7/18/2021 12:44:49 PM /TELEPLOC a x:939 Y:963 Map:1
7/18/2021 12:44:50 PM /TELEPLOC a x:939 Y:963 Map:1
7/18/2021 12:44:50 PM /TELEPLOC a x:939 Y:963 Map:1
7/18/2021 12:44:51 PM /TELEPLOC a x:939 Y:963 Map:1
7/18/2021 12:44:52 PM /TELEPLOC a x:939 Y:963 Map:1
7/18/2021 12:44:52 PM /TELEPLOC a x:939 Y:963 Map:1
7/18/2021 12:44:53 PM /TELEPLOC a x:939 Y:963 Map:1
7/18/2021 12:44:53 PM /TELEPLOC a x:939 Y:963 Map:1
7/18/2021 12:44:53 PM /TELEPLOC a x:939 Y:963 Map:1
7/18/2021 12:44:54 PM /TELEPLOC a x:939 Y:963 Map:1
7/18/2021 12:44:54 PM /TELEPLOC a x:939 Y:963 Map:1
7/18/2021 12:44:55 PM /TELEPLOC a x:939 Y:963 Map:1
7/18/2021 12:44:55 PM /TELEPLOC a x:939 Y:963 Map:1
7/18/2021 12:44:56 PM /TELEPLOC a x:939 Y:963 Map:1
7/18/2021 12:44:57 PM /TELEPLOC a x:939 Y:963 Map:1
7/18/2021 12:44:57 PM /TELEPLOC a x:939 Y:963 Map:1
7/18/2021 12:44:58 PM /TELEPLOC a x:939 Y:963 Map:1
7/18/2021 12:45:03 PM /TELEPLOC a x:939 Y:963 Map:1
7/18/2021 12:45:03 PM /TELEPLOC a x:939 Y:963 Map:1
7/18/2021 12:45:04 PM /TELEPLOC a x:939 Y:963 Map:1
7/18/2021 12:45:04 PM /TELEPLOC a x:939 Y:963 Map:1
7/18/2021 12:45:05 PM /TELEPLOC a x:939 Y:963 Map:1
7/18/2021 12:45:05 PM /TELEPLOC a x:939 Y:963 Map:1
7/18/2021 12:45:06 PM /TELEPLOC a x:939 Y:963 Map:1
7/18/2021 12:45:06 PM /TELEPLOC a x:939 Y:963 Map:1
7/18/2021 12:45:07 PM /TELEPLOC a x:939 Y:963 Map:1
7/18/2021 12:45:08 PM /TELEPLOC a x:939 Y:963 Map:1
7/18/2021 12:45:08 PM /TELEPLOC a x:939 Y:963 Map:1
7/18/2021 12:45:09 PM /TELEPLOC a x:939 Y:963 Map:1
7/18/2021 12:45:09 PM /TELEPLOC a x:939 Y:963 Map:1
7/18/2021 12:45:10 PM /TELEPLOC a x:939 Y:963 Map:1
7/18/2021 12:45:10 PM /TELEPLOC a x:939 Y:963 Map:1
7/18/2021 12:45:11 PM /TELEPLOC a x:939 Y:963 Map:1
7/18/2021 12:45:11 PM /TELEPLOC a x:939 Y:963 Map:1
7/18/2021 12:45:12 PM /TELEPLOC a x:939 Y:963 Map:1
7/18/2021 12:45:14 PM /TELEPLOC a x:939 Y:963 Map:1
7/18/2021 12:45:15 PM /TELEPLOC a x:939 Y:963 Map:1
7/18/2021 12:45:16 PM /TELEPLOC a x:939 Y:963 Map:1
7/18/2021 12:45:16 PM /TELEPLOC a x:939 Y:963 Map:1
7/18/2021 12:45:18 PM /TELEPLOC a x:939 Y:963 Map:1
7/18/2021 12:45:23 PM /TELEPLOC a x:939 Y:963 Map:1
7/18/2021 12:45:24 PM /TELEPLOC a x:939 Y:963 Map:1
7/18/2021 12:45:24 PM /TELEPLOC a x:939 Y:963 Map:1
7/18/2021 12:45:25 PM /TELEPLOC a x:939 Y:963 Map:1
7/18/2021 12:45:25 PM /TELEPLOC a x:939 Y:963 Map:1
7/18/2021 12:45:26 PM /TELEPLOC a x:939 Y:963 Map:1
7/18/2021 12:45:27 PM /TELEPLOC a x:939 Y:963 Map:1
7/18/2021 12:45:27 PM /TELEPLOC a x:939 Y:963 Map:1
7/18/2021 12:45:28 PM /TELEPLOC a x:939 Y:963 Map:1
7/18/2021 12:45:29 PM /TELEPLOC a x:939 Y:963 Map:1
7/18/2021 12:45:30 PM /TELEPLOC a x:939 Y:963 Map:1
7/18/2021 12:45:30 PM /TELEPLOC a x:939 Y:963 Map:1
7/18/2021 12:45:33 PM /TELEPLOC a x:939 Y:963 Map:1
7/18/2021 12:45:37 PM /TELEPLOC a x:939 Y:963 Map:1
7/18/2021 12:45:41 PM /TELEPLOC a x:939 Y:963 Map:1
7/18/2021 12:45:42 PM /TELEPLOC a x:939 Y:963 Map:1
7/18/2021 12:45:42 PM /TELEPLOC a x:939 Y:963 Map:1
7/18/2021 12:45:42 PM /TELEPLOC a x:939 Y:963 Map:1
7/18/2021 12:45:43 PM /TELEPLOC a x:939 Y:963 Map:1
7/18/2021 12:45:43 PM /TELEPLOC a x:939 Y:963 Map:1
7/18/2021 12:45:44 PM /TELEPLOC a x:939 Y:963 Map:1
7/18/2021 12:45:45 PM /TELEPLOC a x:939 Y:963 Map:1
7/18/2021 12:45:45 PM /TELEPLOC a x:939 Y:963 Map:1
7/18/2021 12:45:46 PM /TELEPLOC a x:939 Y:963 Map:1
7/18/2021 12:45:46 PM /TELEPLOC a x:939 Y:963 Map:1
7/18/2021 12:45:47 PM /TELEPLOC a x:939 Y:963 Map:1
7/18/2021 12:45:48 PM /TELEPLOC a x:939 Y:963 Map:1
7/18/2021 12:45:48 PM /TELEPLOC a x:939 Y:963 Map:1
7/18/2021 12:45:49 PM /TELEPLOC a x:939 Y:963 Map:1
7/18/2021 12:45:57 PM /TELEPLOC a x:939 Y:963 Map:1
7/18/2021 12:46:03 PM /TELEPLOC a x:939 Y:963 Map:1
7/18/2021 12:46:12 PM /TELEPLOC a x:939 Y:963 Map:1
7/18/2021 12:46:13 PM /TELEPLOC a x:939 Y:963 Map:1
7/18/2021 12:46:13 PM /TELEPLOC a x:939 Y:963 Map:1
7/18/2021 12:46:14 PM /TELEPLOC a x:939 Y:963 Map:1
7/18/2021 12:46:14 PM /TELEPLOC a x:939 Y:963 Map:1
7/18/2021 12:46:15 PM /TELEPLOC a x:939 Y:963 Map:1
7/18/2021 12:46:15 PM /TELEPLOC a x:939 Y:963 Map:1
7/18/2021 12:46:16 PM /TELEPLOC a x:939 Y:963 Map:1
7/18/2021 12:46:16 PM /TELEPLOC a x:939 Y:963 Map:1
7/18/2021 12:46:17 PM /TELEPLOC a x:939 Y:963 Map:1
7/18/2021 12:46:17 PM /TELEPLOC a x:939 Y:963 Map:1
7/18/2021 12:46:18 PM /TELEPLOC a x:939 Y:963 Map:1
7/18/2021 12:46:18 PM /TELEPLOC a x:939 Y:963 Map:1
7/18/2021 12:46:18 PM /TELEPLOC a x:939 Y:963 Map:1
7/18/2021 12:46:19 PM /TELEPLOC a x:939 Y:963 Map:1
7/18/2021 12:46:19 PM /TELEPLOC a x:939 Y:963 Map:1
7/18/2021 12:46:20 PM /TELEPLOC a x:939 Y:963 Map:1
7/18/2021 12:46:20 PM /TELEPLOC a x:939 Y:963 Map:1
7/18/2021 12:46:21 PM /TELEPLOC a x:939 Y:963 Map:1
7/18/2021 12:46:21 PM /TELEPLOC a x:939 Y:963 Map:1
7/18/2021 12:46:22 PM /TELEPLOC a x:939 Y:963 Map:1
7/18/2021 12:46:23 PM /TELEPLOC a x:939 Y:963 Map:1
7/18/2021 12:46:35 PM /TELEPLOC a x:939 Y:963 Map:6
7/18/2021 12:46:35 PM /TELEPLOC a x:939 Y:963 Map:6
7/18/2021 12:46:36 PM /TELEPLOC a x:939 Y:963 Map:6
7/18/2021 12:46:36 PM /TELEPLOC a x:939 Y:963 Map:6
7/18/2021 12:46:38 PM /TELEPLOC a x:939 Y:963 Map:6
7/18/2021 12:46:49 PM /TELEPLOC a x:939 Y:963 Map:6
7/18/2021 12:46:51 PM /TELEPLOC a x:939 Y:963 Map:6
7/18/2021 12:46:52 PM /TELEPLOC a x:939 Y:963 Map:6
7/18/2021 12:46:58 PM /TELEPLOC a x:939 Y:963 Map:6
7/18/2021 12:47:04 PM Transportó a deidhara hacia Mapa1 X:304 Y:854
7/18/2021 12:47:45 PM /TELEPLOC a x:939 Y:963 Map:1
7/18/2021 12:47:47 PM /TELEPLOC a x:939 Y:963 Map:1
7/18/2021 12:47:53 PM /TELEPLOC a x:939 Y:963 Map:1
7/18/2021 12:47:54 PM /TELEPLOC a x:939 Y:963 Map:1
7/18/2021 12:47:54 PM /TELEPLOC a x:939 Y:963 Map:1
7/18/2021 12:47:55 PM /TELEPLOC a x:939 Y:963 Map:1
7/18/2021 12:47:56 PM /TELEPLOC a x:939 Y:963 Map:1
7/18/2021 12:47:57 PM /TELEPLOC a x:939 Y:963 Map:1
7/18/2021 12:47:57 PM /TELEPLOC a x:939 Y:963 Map:1
7/18/2021 12:47:58 PM /TELEPLOC a x:939 Y:963 Map:1
7/18/2021 12:47:58 PM /TELEPLOC a x:939 Y:963 Map:1
7/18/2021 12:48:00 PM /TELEPLOC a x:939 Y:963 Map:1
7/18/2021 12:49:27 PM /TELEPLOC a x:939 Y:963 Map:12
7/18/2021 12:49:28 PM /TELEPLOC a x:939 Y:963 Map:12
7/18/2021 12:49:29 PM /TELEPLOC a x:939 Y:963 Map:12
7/18/2021 12:49:29 PM /TELEPLOC a x:939 Y:963 Map:12
7/18/2021 12:49:29 PM /TELEPLOC a x:939 Y:963 Map:12
7/18/2021 12:49:30 PM /TELEPLOC a x:939 Y:963 Map:12
7/18/2021 12:49:31 PM /TELEPLOC a x:939 Y:963 Map:12
7/18/2021 12:49:31 PM /TELEPLOC a x:939 Y:963 Map:12
7/18/2021 12:49:32 PM /TELEPLOC a x:939 Y:963 Map:12
7/18/2021 12:49:33 PM /TELEPLOC a x:939 Y:963 Map:12
7/18/2021 12:51:16 PM /TELEPLOC a x:76 Y:229 Map:12
7/18/2021 12:51:17 PM /TELEPLOC a x:76 Y:229 Map:12
7/18/2021 12:51:17 PM /TELEPLOC a x:76 Y:229 Map:12
7/18/2021 12:51:18 PM /TELEPLOC a x:76 Y:229 Map:12
7/18/2021 12:51:18 PM /TELEPLOC a x:76 Y:229 Map:12
7/18/2021 12:51:18 PM /TELEPLOC a x:76 Y:229 Map:12
7/18/2021 12:51:19 PM /TELEPLOC a x:76 Y:229 Map:12
7/18/2021 12:51:19 PM /TELEPLOC a x:76 Y:229 Map:12
7/18/2021 12:51:20 PM /TELEPLOC a x:76 Y:229 Map:12
7/18/2021 12:51:20 PM /TELEPLOC a x:76 Y:229 Map:12
7/18/2021 12:51:20 PM /TELEPLOC a x:76 Y:229 Map:12
7/18/2021 12:51:21 PM /TELEPLOC a x:76 Y:229 Map:12
7/18/2021 12:51:21 PM /TELEPLOC a x:76 Y:229 Map:12
7/18/2021 12:51:22 PM /TELEPLOC a x:76 Y:229 Map:12
7/18/2021 12:51:22 PM /TELEPLOC a x:76 Y:229 Map:12
7/18/2021 12:51:23 PM /TELEPLOC a x:76 Y:229 Map:12
7/18/2021 12:51:24 PM /TELEPLOC a x:76 Y:229 Map:12
7/18/2021 12:51:30 PM /TELEPLOC a x:76 Y:229 Map:12
7/18/2021 12:51:30 PM /TELEPLOC a x:76 Y:229 Map:12
7/18/2021 12:51:30 PM /TELEPLOC a x:76 Y:229 Map:12
7/18/2021 12:51:31 PM /TELEPLOC a x:76 Y:229 Map:12
7/18/2021 12:51:32 PM /TELEPLOC a x:76 Y:229 Map:12
7/18/2021 12:51:32 PM /TELEPLOC a x:76 Y:229 Map:12
7/18/2021 12:51:33 PM /TELEPLOC a x:76 Y:229 Map:12
7/18/2021 12:51:33 PM /TELEPLOC a x:76 Y:229 Map:12
7/18/2021 12:51:33 PM /TELEPLOC a x:76 Y:229 Map:12
7/18/2021 12:51:34 PM /TELEPLOC a x:76 Y:229 Map:12
7/18/2021 12:51:35 PM /TELEPLOC a x:76 Y:229 Map:12
7/18/2021 12:51:35 PM /TELEPLOC a x:76 Y:229 Map:12
7/18/2021 12:51:35 PM /TELEPLOC a x:76 Y:229 Map:12
7/18/2021 12:51:36 PM /TELEPLOC a x:76 Y:229 Map:12
7/18/2021 12:51:36 PM /TELEPLOC a x:76 Y:229 Map:12
7/18/2021 12:51:37 PM /TELEPLOC a x:76 Y:229 Map:12
7/18/2021 12:51:37 PM /TELEPLOC a x:76 Y:229 Map:12
7/18/2021 12:51:37 PM /TELEPLOC a x:76 Y:229 Map:12
7/18/2021 12:52:04 PM /TELEPLOC a x:76 Y:229 Map:12
7/18/2021 12:52:04 PM /TELEPLOC a x:76 Y:229 Map:12
7/18/2021 12:52:04 PM /TELEPLOC a x:76 Y:229 Map:12
7/18/2021 12:52:05 PM /TELEPLOC a x:76 Y:229 Map:12
7/18/2021 12:52:05 PM /TELEPLOC a x:76 Y:229 Map:12
7/18/2021 12:52:06 PM /TELEPLOC a x:76 Y:229 Map:12
7/18/2021 12:52:06 PM /TELEPLOC a x:76 Y:229 Map:12
7/18/2021 12:52:07 PM /TELEPLOC a x:76 Y:229 Map:12
7/18/2021 12:52:07 PM /TELEPLOC a x:76 Y:229 Map:12
7/18/2021 12:52:08 PM /TELEPLOC a x:76 Y:229 Map:12
7/18/2021 12:52:08 PM /TELEPLOC a x:76 Y:229 Map:12
7/18/2021 12:52:15 PM /TELEPLOC a x:76 Y:229 Map:12
7/18/2021 12:52:16 PM /TELEPLOC a x:76 Y:229 Map:12
7/18/2021 12:52:17 PM /TELEPLOC a x:76 Y:229 Map:12
7/18/2021 12:52:17 PM /TELEPLOC a x:76 Y:229 Map:12
7/18/2021 12:52:18 PM /TELEPLOC a x:76 Y:229 Map:12
7/18/2021 12:52:18 PM /TELEPLOC a x:76 Y:229 Map:12
7/18/2021 12:52:19 PM /TELEPLOC a x:76 Y:229 Map:12
7/18/2021 12:52:19 PM /TELEPLOC a x:76 Y:229 Map:12
7/18/2021 12:52:20 PM /TELEPLOC a x:76 Y:229 Map:12
7/18/2021 12:52:20 PM /TELEPLOC a x:76 Y:229 Map:12
7/18/2021 12:52:21 PM /TELEPLOC a x:76 Y:229 Map:12
7/18/2021 12:52:21 PM /TELEPLOC a x:76 Y:229 Map:12
7/18/2021 12:52:22 PM /TELEPLOC a x:76 Y:229 Map:12
7/18/2021 12:52:22 PM /TELEPLOC a x:76 Y:229 Map:12
7/18/2021 12:52:22 PM /TELEPLOC a x:76 Y:229 Map:12
7/18/2021 12:52:23 PM /TELEPLOC a x:76 Y:229 Map:12
7/18/2021 12:52:23 PM /TELEPLOC a x:76 Y:229 Map:12
7/18/2021 12:52:24 PM /TELEPLOC a x:76 Y:229 Map:12
7/18/2021 12:52:24 PM /TELEPLOC a x:76 Y:229 Map:12
7/18/2021 12:52:25 PM /TELEPLOC a x:76 Y:229 Map:12
7/18/2021 12:52:25 PM /TELEPLOC a x:76 Y:229 Map:12
7/18/2021 12:52:25 PM /TELEPLOC a x:76 Y:229 Map:12
7/18/2021 12:52:26 PM /TELEPLOC a x:76 Y:229 Map:12
7/18/2021 12:52:26 PM /TELEPLOC a x:76 Y:229 Map:12
7/18/2021 12:52:27 PM /TELEPLOC a x:76 Y:229 Map:12
7/18/2021 12:52:27 PM /TELEPLOC a x:76 Y:229 Map:12
7/18/2021 12:52:27 PM /TELEPLOC a x:76 Y:229 Map:12
7/18/2021 12:52:28 PM /TELEPLOC a x:76 Y:229 Map:12
7/18/2021 12:52:28 PM /TELEPLOC a x:76 Y:229 Map:12
7/18/2021 12:52:29 PM /TELEPLOC a x:76 Y:229 Map:12
7/18/2021 12:52:29 PM /TELEPLOC a x:76 Y:229 Map:12
7/18/2021 12:52:29 PM /TELEPLOC a x:76 Y:229 Map:12
7/18/2021 12:52:30 PM /TELEPLOC a x:76 Y:229 Map:12
7/18/2021 12:52:30 PM /TELEPLOC a x:76 Y:229 Map:12
7/18/2021 12:52:31 PM /TELEPLOC a x:76 Y:229 Map:12
7/18/2021 12:52:31 PM /TELEPLOC a x:76 Y:229 Map:12
7/18/2021 12:52:32 PM /TELEPLOC a x:76 Y:229 Map:12
7/18/2021 12:52:32 PM /TELEPLOC a x:76 Y:229 Map:12
7/18/2021 12:52:33 PM /TELEPLOC a x:76 Y:229 Map:12
7/18/2021 12:52:33 PM /TELEPLOC a x:76 Y:229 Map:12
7/18/2021 12:52:34 PM /TELEPLOC a x:76 Y:229 Map:12
7/18/2021 12:52:35 PM /TELEPLOC a x:76 Y:229 Map:12
7/18/2021 12:52:35 PM /TELEPLOC a x:76 Y:229 Map:12
7/18/2021 12:52:36 PM /TELEPLOC a x:76 Y:229 Map:12
7/18/2021 12:52:36 PM /TELEPLOC a x:76 Y:229 Map:12
7/18/2021 12:52:36 PM /TELEPLOC a x:76 Y:229 Map:12
7/18/2021 12:52:37 PM /TELEPLOC a x:76 Y:229 Map:12
7/18/2021 12:52:38 PM /TELEPLOC a x:76 Y:229 Map:12
7/18/2021 12:52:39 PM /TELEPLOC a x:76 Y:229 Map:12
7/18/2021 12:52:39 PM /TELEPLOC a x:76 Y:229 Map:12
7/18/2021 12:52:40 PM /TELEPLOC a x:76 Y:229 Map:12
7/18/2021 12:52:40 PM /TELEPLOC a x:76 Y:229 Map:12
7/18/2021 12:52:41 PM /TELEPLOC a x:76 Y:229 Map:12
7/18/2021 12:52:41 PM /TELEPLOC a x:76 Y:229 Map:12
7/18/2021 12:52:43 PM /TELEPLOC a x:76 Y:229 Map:12
7/18/2021 12:52:43 PM /TELEPLOC a x:76 Y:229 Map:12
7/18/2021 12:52:44 PM /TELEPLOC a x:76 Y:229 Map:12
7/18/2021 12:52:45 PM /TELEPLOC a x:76 Y:229 Map:12
7/18/2021 12:52:45 PM /TELEPLOC a x:76 Y:229 Map:12
7/18/2021 12:52:46 PM /TELEPLOC a x:76 Y:229 Map:12
7/18/2021 12:52:46 PM /TELEPLOC a x:76 Y:229 Map:12
7/18/2021 12:52:47 PM /TELEPLOC a x:76 Y:229 Map:12
7/18/2021 12:52:47 PM /TELEPLOC a x:76 Y:229 Map:12
7/18/2021 12:52:48 PM /TELEPLOC a x:76 Y:229 Map:12
7/18/2021 12:52:48 PM /TELEPLOC a x:76 Y:229 Map:12
7/18/2021 12:52:49 PM /TELEPLOC a x:76 Y:229 Map:12
7/18/2021 12:52:49 PM /TELEPLOC a x:76 Y:229 Map:12
7/18/2021 12:52:50 PM /TELEPLOC a x:76 Y:229 Map:12
7/18/2021 12:52:50 PM /TELEPLOC a x:76 Y:229 Map:12
7/18/2021 12:52:50 PM /TELEPLOC a x:76 Y:229 Map:12
7/18/2021 12:52:51 PM /TELEPLOC a x:76 Y:229 Map:12
7/18/2021 12:52:51 PM /TELEPLOC a x:76 Y:229 Map:12
7/18/2021 12:52:52 PM /TELEPLOC a x:76 Y:229 Map:12
7/18/2021 12:52:52 PM /TELEPLOC a x:76 Y:229 Map:12
7/18/2021 12:52:52 PM /TELEPLOC a x:76 Y:229 Map:12
7/18/2021 12:52:53 PM /TELEPLOC a x:76 Y:229 Map:12
7/18/2021 12:52:53 PM /TELEPLOC a x:76 Y:229 Map:12
7/18/2021 12:52:54 PM /TELEPLOC a x:76 Y:229 Map:12
7/18/2021 12:52:54 PM /TELEPLOC a x:76 Y:229 Map:12
7/18/2021 12:52:55 PM /TELEPLOC a x:76 Y:229 Map:12
7/18/2021 12:52:55 PM /TELEPLOC a x:76 Y:229 Map:12
7/18/2021 12:52:55 PM /TELEPLOC a x:76 Y:229 Map:12
7/18/2021 12:52:56 PM /TELEPLOC a x:76 Y:229 Map:12
7/18/2021 12:52:57 PM /TELEPLOC a x:76 Y:229 Map:12
7/18/2021 12:52:57 PM /TELEPLOC a x:76 Y:229 Map:12
7/18/2021 12:52:58 PM /TELEPLOC a x:76 Y:229 Map:12
7/18/2021 12:52:58 PM /TELEPLOC a x:76 Y:229 Map:12
7/18/2021 12:52:58 PM /TELEPLOC a x:76 Y:229 Map:12
7/18/2021 12:52:59 PM /TELEPLOC a x:76 Y:229 Map:12
7/18/2021 12:52:59 PM /TELEPLOC a x:76 Y:229 Map:12
7/18/2021 12:53:00 PM /TELEPLOC a x:76 Y:229 Map:12
7/18/2021 12:53:00 PM /TELEPLOC a x:76 Y:229 Map:12
7/18/2021 12:53:01 PM /TELEPLOC a x:76 Y:229 Map:12
7/18/2021 12:53:02 PM /TELEPLOC a x:76 Y:229 Map:12
7/18/2021 12:53:02 PM /TELEPLOC a x:76 Y:229 Map:12
7/18/2021 12:53:03 PM /TELEPLOC a x:76 Y:229 Map:12
7/18/2021 12:53:03 PM /TELEPLOC a x:76 Y:229 Map:12
7/18/2021 12:53:03 PM /TELEPLOC a x:76 Y:229 Map:12
7/18/2021 12:53:04 PM /TELEPLOC a x:76 Y:229 Map:12
7/18/2021 12:53:04 PM /TELEPLOC a x:76 Y:229 Map:12
7/18/2021 12:53:05 PM /TELEPLOC a x:76 Y:229 Map:12
7/18/2021 12:53:05 PM /TELEPLOC a x:76 Y:229 Map:12
7/18/2021 12:53:05 PM /TELEPLOC a x:76 Y:229 Map:12
7/18/2021 12:53:06 PM /TELEPLOC a x:76 Y:229 Map:12
7/18/2021 12:53:06 PM /TELEPLOC a x:76 Y:229 Map:12
7/18/2021 12:53:12 PM /TELEPLOC a x:76 Y:229 Map:12
7/18/2021 12:53:12 PM /TELEPLOC a x:76 Y:229 Map:12
7/18/2021 12:53:12 PM /TELEPLOC a x:76 Y:229 Map:12
7/18/2021 12:53:13 PM /TELEPLOC a x:76 Y:229 Map:12
7/18/2021 12:53:22 PM /TELEPLOC a x:76 Y:229 Map:12
7/18/2021 12:53:23 PM /TELEPLOC a x:76 Y:229 Map:12
7/18/2021 12:53:23 PM /TELEPLOC a x:76 Y:229 Map:12
7/18/2021 12:53:24 PM /TELEPLOC a x:76 Y:229 Map:12
7/18/2021 12:53:24 PM /TELEPLOC a x:76 Y:229 Map:12
7/18/2021 12:53:24 PM /TELEPLOC a x:76 Y:229 Map:12
7/18/2021 12:53:25 PM /TELEPLOC a x:76 Y:229 Map:12
7/18/2021 12:53:25 PM /TELEPLOC a x:76 Y:229 Map:12
7/18/2021 12:53:26 PM /TELEPLOC a x:76 Y:229 Map:12
7/18/2021 12:53:26 PM /TELEPLOC a x:76 Y:229 Map:12
7/18/2021 12:53:26 PM /TELEPLOC a x:76 Y:229 Map:12
7/18/2021 12:53:27 PM /TELEPLOC a x:76 Y:229 Map:12
7/18/2021 12:53:27 PM /TELEPLOC a x:76 Y:229 Map:12
7/18/2021 12:53:28 PM /TELEPLOC a x:76 Y:229 Map:12
7/18/2021 12:53:28 PM /TELEPLOC a x:76 Y:229 Map:12
7/18/2021 12:53:28 PM /TELEPLOC a x:76 Y:229 Map:12
7/18/2021 12:53:29 PM /TELEPLOC a x:76 Y:229 Map:12
7/18/2021 12:53:30 PM /TELEPLOC a x:76 Y:229 Map:12
7/18/2021 12:53:30 PM /TELEPLOC a x:76 Y:229 Map:12
7/18/2021 12:53:30 PM /TELEPLOC a x:76 Y:229 Map:12
7/18/2021 12:53:31 PM /TELEPLOC a x:76 Y:229 Map:12
7/18/2021 12:53:31 PM /TELEPLOC a x:76 Y:229 Map:12
7/18/2021 12:53:32 PM /TELEPLOC a x:76 Y:229 Map:12
7/18/2021 12:53:33 PM /TELEPLOC a x:76 Y:229 Map:12
7/18/2021 12:53:33 PM /TELEPLOC a x:76 Y:229 Map:12
7/18/2021 12:53:33 PM /TELEPLOC a x:76 Y:229 Map:12
7/18/2021 12:53:34 PM /TELEPLOC a x:76 Y:229 Map:12
7/18/2021 12:53:34 PM /TELEPLOC a x:76 Y:229 Map:12
7/18/2021 12:53:35 PM /TELEPLOC a x:76 Y:229 Map:12
7/18/2021 12:53:35 PM /TELEPLOC a x:76 Y:229 Map:12
7/18/2021 12:53:36 PM /TELEPLOC a x:76 Y:229 Map:12
7/18/2021 12:53:36 PM /TELEPLOC a x:76 Y:229 Map:12
7/18/2021 12:53:37 PM /TELEPLOC a x:76 Y:229 Map:12
7/18/2021 12:53:37 PM /TELEPLOC a x:76 Y:229 Map:12
7/18/2021 12:53:37 PM /TELEPLOC a x:76 Y:229 Map:12
7/18/2021 12:53:38 PM /TELEPLOC a x:76 Y:229 Map:12
7/18/2021 12:53:39 PM /TELEPLOC a x:76 Y:229 Map:12
7/18/2021 12:53:46 PM /TELEPLOC a x:76 Y:229 Map:12
7/18/2021 12:53:47 PM /TELEPLOC a x:76 Y:229 Map:12
7/18/2021 12:53:47 PM /TELEPLOC a x:76 Y:229 Map:12
7/18/2021 12:53:48 PM /TELEPLOC a x:76 Y:229 Map:12
7/18/2021 12:53:48 PM /TELEPLOC a x:76 Y:229 Map:12
7/18/2021 12:53:49 PM /TELEPLOC a x:76 Y:229 Map:12
7/18/2021 12:53:49 PM /TELEPLOC a x:76 Y:229 Map:12
7/18/2021 12:53:50 PM /TELEPLOC a x:76 Y:229 Map:12
7/18/2021 12:54:04 PM Transportó a deidhara hacia Mapa1 X:304 Y:854
7/18/2021 12:54:39 PM /TELEPLOC a x:298 Y:859 Map:1
7/18/2021 12:54:40 PM /TELEPLOC a x:298 Y:859 Map:1
7/18/2021 12:55:01 PM /TELEPLOC a x:283 Y:871 Map:1
7/18/2021 12:55:01 PM /TELEPLOC a x:283 Y:871 Map:1
7/18/2021 12:55:09 PM /TELEPLOC a x:293 Y:871 Map:1
7/18/2021 12:55:09 PM /TELEPLOC a x:293 Y:871 Map:1
7/18/2021 12:55:09 PM /TELEPLOC a x:293 Y:871 Map:1
7/18/2021 12:55:10 PM /TELEPLOC a x:293 Y:871 Map:1
7/18/2021 12:55:11 PM /TELEPLOC a x:293 Y:871 Map:1
7/18/2021 12:55:22 PM /TELEPLOC a x:273 Y:844 Map:1
7/18/2021 12:55:23 PM /TELEPLOC a x:273 Y:844 Map:1
7/18/2021 12:55:23 PM /TELEPLOC a x:273 Y:844 Map:1
7/18/2021 12:55:29 PM Transportó a deidhara hacia Mapa1 X:194 Y:1252
7/18/2021 12:57:33 PM /MOD SKILLSLIBRES 600  deidhara
7/18/2021 1:00:52 PM /TELEPLOC a x:180 Y:1248 Map:1
7/18/2021 1:00:52 PM /TELEPLOC a x:180 Y:1248 Map:1
7/18/2021 1:00:54 PM /TELEPLOC a x:180 Y:1248 Map:1
