5/2/2021 12:00:29 AM EliasG paso a nivel 2 gano HP: 7
5/2/2021 12:00:31 AM EliasG paso a nivel 3 gano HP: 7
5/2/2021 12:00:33 AM EliasG paso a nivel 4 gano HP: 8
5/2/2021 12:00:35 AM EliasG paso a nivel 5 gano HP: 6
5/2/2021 12:00:35 AM EliasG paso a nivel 6 gano HP: 7
5/2/2021 12:00:43 AM EliasG paso a nivel 7 gano HP: 8
5/2/2021 12:00:52 AM EliasG paso a nivel 8 gano HP: 7
5/2/2021 12:01:04 AM EliasG paso a nivel 9 gano HP: 8
5/2/2021 12:03:15 AM EliasG paso a nivel 10 gano HP: 9
5/2/2021 12:03:36 AM EliasG paso a nivel 11 gano HP: 7
5/2/2021 12:03:57 AM EliasG paso a nivel 12 gano HP: 7
5/2/2021 12:04:19 AM EliasG paso a nivel 13 gano HP: 7
5/2/2021 12:13:15 AM EliasG juntó del piso 10000 Monedas de Oro Mapa: 1 X: 301 Y: 863
5/2/2021 12:13:15 AM EliasG juntó del piso 10000 Monedas de Oro Mapa: 1 X: 302 Y: 863
5/2/2021 12:13:17 AM EliasG juntó del piso 10000 Monedas de Oro Mapa: 1 X: 301 Y: 863
5/2/2021 12:13:21 AM EliasG juntó del piso 10000 Monedas de Oro Mapa: 1 X: 301 Y: 863
5/2/2021 12:13:26 AM EliasG juntó del piso 10000 Monedas de Oro Mapa: 1 X: 302 Y: 863
5/2/2021 12:13:28 AM EliasG juntó del piso 10000 Monedas de Oro Mapa: 1 X: 301 Y: 863
5/2/2021 12:13:30 AM EliasG juntó del piso 10000 Monedas de Oro Mapa: 1 X: 301 Y: 863
5/2/2021 12:13:32 AM EliasG juntó del piso 10000 Monedas de Oro Mapa: 1 X: 302 Y: 863
5/2/2021 12:15:58 AM EliasG paso a nivel 14 gano HP: 7
5/2/2021 12:17:27 AM EliasG paso a nivel 15 gano HP: 7
5/2/2021 12:36:40 AM EliasG juntó del piso 10000 Monedas de Oro Mapa: 1 X: 197 Y: 889
5/2/2021 12:38:28 AM EliasG paso a nivel 16 gano HP: 7
5/2/2021 12:40:01 AM EliasG paso a nivel 17 gano HP: 8
5/2/2021 12:42:24 AM EliasG paso a nivel 18 gano HP: 8
5/2/2021 12:45:54 AM EliasG juntó del piso 10000 Monedas de Oro Mapa: 1 X: 202 Y: 869
5/9/2021 11:31:56 AM hola paso a nivel 2 gano HP: 9
5/9/2021 11:31:56 AM hola paso a nivel 3 gano HP: 10
5/9/2021 11:31:59 AM hola paso a nivel 4 gano HP: 9
5/9/2021 11:31:59 AM hola paso a nivel 5 gano HP: 10
5/9/2021 11:32:01 AM hola paso a nivel 6 gano HP: 9
5/9/2021 11:32:08 AM hola paso a nivel 7 gano HP: 10
5/9/2021 11:32:12 AM hola paso a nivel 8 gano HP: 12
5/9/2021 11:32:13 AM hola paso a nivel 9 gano HP: 12
5/9/2021 11:32:28 AM hola paso a nivel 10 gano HP: 11
5/9/2021 11:32:32 AM hola paso a nivel 11 gano HP: 10
5/9/2021 11:33:59 AM hola paso a nivel 12 gano HP: 11
5/9/2021 11:34:34 AM hola paso a nivel 13 gano HP: 10
5/9/2021 11:50:22 AM RENATA paso a nivel 3 gano HP: 8
5/9/2021 11:50:23 AM RENATA paso a nivel 4 gano HP: 8
5/9/2021 11:50:24 AM RENATA paso a nivel 5 gano HP: 7
5/9/2021 11:50:25 AM RENATA paso a nivel 6 gano HP: 8
5/9/2021 11:50:35 AM RENATA paso a nivel 7 gano HP: 8
5/9/2021 11:50:37 AM RENATA paso a nivel 8 gano HP: 9
5/9/2021 11:50:40 AM RENATA paso a nivel 9 gano HP: 8
5/9/2021 11:50:56 AM RENATA paso a nivel 10 gano HP: 7
5/9/2021 11:51:04 AM RENATA paso a nivel 11 gano HP: 7
5/9/2021 11:51:36 AM RENATA paso a nivel 12 gano HP: 7
5/9/2021 11:52:22 AM RENATA paso a nivel 13 gano HP: 6
5/9/2021 12:02:36 PM benjamin paso a nivel 2 gano HP: 8
5/9/2021 12:02:38 PM benjamin paso a nivel 3 gano HP: 8
5/9/2021 12:02:38 PM benjamin paso a nivel 4 gano HP: 7
5/9/2021 12:02:39 PM benjamin paso a nivel 5 gano HP: 8
5/9/2021 12:02:39 PM benjamin paso a nivel 6 gano HP: 8
5/9/2021 12:02:46 PM benjamin paso a nivel 7 gano HP: 8
5/9/2021 12:02:48 PM benjamin paso a nivel 8 gano HP: 6
5/9/2021 12:02:52 PM benjamin paso a nivel 9 gano HP: 7
5/9/2021 12:03:08 PM benjamin paso a nivel 10 gano HP: 7
5/9/2021 12:03:13 PM benjamin paso a nivel 11 gano HP: 8
5/9/2021 12:03:40 PM benjamin paso a nivel 12 gano HP: 8
5/9/2021 12:04:25 PM benjamin paso a nivel 13 gano HP: 6
5/9/2021 12:20:00 PM pepita paso a nivel 2 gano HP: 10
5/9/2021 12:20:11 PM pepita paso a nivel 3 gano HP: 10
5/9/2021 12:20:11 PM pepita paso a nivel 4 gano HP: 10
5/9/2021 12:20:13 PM pepita paso a nivel 5 gano HP: 11
5/9/2021 12:20:15 PM pepita paso a nivel 6 gano HP: 9
5/9/2021 12:20:15 PM pepita paso a nivel 7 gano HP: 8
5/9/2021 12:20:26 PM pepita paso a nivel 8 gano HP: 12
5/9/2021 12:20:28 PM pepita paso a nivel 9 gano HP: 11
5/9/2021 12:20:40 PM pepita paso a nivel 10 gano HP: 11
5/9/2021 12:20:47 PM pepita paso a nivel 11 gano HP: 10
5/9/2021 12:21:16 PM pepita paso a nivel 12 gano HP: 9
5/9/2021 12:21:36 PM pepita paso a nivel 13 gano HP: 9
5/9/2021 12:27:22 PM senputo paso a nivel 2 gano HP: 10
5/9/2021 12:27:22 PM senputo paso a nivel 3 gano HP: 10
5/9/2021 12:27:23 PM senputo paso a nivel 4 gano HP: 9
5/9/2021 12:27:23 PM senputo paso a nivel 5 gano HP: 10
5/9/2021 12:27:24 PM senputo paso a nivel 6 gano HP: 8
5/9/2021 12:27:33 PM senputo paso a nivel 7 gano HP: 11
5/9/2021 12:27:40 PM senputo paso a nivel 8 gano HP: 11
5/9/2021 12:29:23 PM senputo paso a nivel 9 gano HP: 9
5/9/2021 12:29:26 PM senputo paso a nivel 10 gano HP: 10
5/9/2021 12:29:32 PM senputo paso a nivel 11 gano HP: 10
5/9/2021 12:29:35 PM senputo paso a nivel 12 gano HP: 8
5/9/2021 12:29:45 PM senputo paso a nivel 13 gano HP: 8
5/9/2021 12:33:28 PM pepitts paso a nivel 2 gano HP: 10
5/9/2021 12:33:28 PM pepitts paso a nivel 3 gano HP: 8
5/9/2021 12:33:28 PM pepitts paso a nivel 4 gano HP: 11
5/9/2021 12:33:30 PM pepitts paso a nivel 5 gano HP: 10
5/9/2021 12:33:32 PM pepitts paso a nivel 6 gano HP: 10
5/9/2021 12:33:35 PM pepitts paso a nivel 7 gano HP: 8
5/9/2021 12:33:40 PM pepitts paso a nivel 8 gano HP: 9
5/9/2021 12:33:43 PM pepitts paso a nivel 9 gano HP: 10
5/9/2021 12:33:50 PM pepitts paso a nivel 10 gano HP: 10
5/9/2021 12:34:08 PM pepitts paso a nivel 11 gano HP: 9
5/9/2021 12:34:16 PM pepitts paso a nivel 12 gano HP: 11
5/9/2021 12:34:24 PM pepitts paso a nivel 13 gano HP: 9
5/9/2021 3:20:22 PM DFGG paso a nivel 2 gano HP: 9
5/9/2021 3:20:22 PM DFGG paso a nivel 3 gano HP: 8
5/9/2021 3:20:24 PM DFGG paso a nivel 4 gano HP: 9
5/9/2021 3:20:24 PM DFGG paso a nivel 5 gano HP: 8
5/9/2021 3:20:26 PM DFGG paso a nivel 6 gano HP: 9
5/9/2021 3:21:03 PM DFGG paso a nivel 7 gano HP: 10
5/9/2021 3:21:08 PM DFGG paso a nivel 8 gano HP: 8
5/9/2021 3:21:08 PM DFGG paso a nivel 9 gano HP: 10
5/9/2021 3:21:57 PM DFGG paso a nivel 10 gano HP: 10
5/9/2021 3:22:02 PM DFGG paso a nivel 11 gano HP: 9
5/9/2021 3:22:06 PM DFGG paso a nivel 12 gano HP: 8
5/9/2021 3:22:20 PM DFGG paso a nivel 13 gano HP: 8
5/9/2021 3:24:42 PM VERONIQUITA paso a nivel 2 gano HP: 12
5/9/2021 3:24:42 PM VERONIQUITA paso a nivel 3 gano HP: 10
5/9/2021 3:24:43 PM VERONIQUITA paso a nivel 4 gano HP: 11
5/9/2021 3:24:45 PM VERONIQUITA paso a nivel 5 gano HP: 11
5/9/2021 3:24:47 PM VERONIQUITA paso a nivel 6 gano HP: 11
5/9/2021 3:24:52 PM VERONIQUITA paso a nivel 7 gano HP: 10
5/9/2021 3:24:54 PM VERONIQUITA paso a nivel 8 gano HP: 11
5/9/2021 3:24:58 PM VERONIQUITA paso a nivel 9 gano HP: 10
5/9/2021 3:25:01 PM VERONIQUITA paso a nivel 10 gano HP: 11
5/9/2021 3:25:04 PM VERONIQUITA paso a nivel 11 gano HP: 10
5/9/2021 3:25:09 PM VERONIQUITA paso a nivel 12 gano HP: 10
5/9/2021 3:25:19 PM VERONIQUITA paso a nivel 13 gano HP: 8
5/9/2021 10:38:29 PM deidhara juntó del piso 10000 Monedas de Oro Mapa: 1 X: 278 Y: 161
5/9/2021 10:38:29 PM deidhara juntó del piso 10000 Monedas de Oro Mapa: 1 X: 278 Y: 160
5/9/2021 10:38:30 PM deidhara juntó del piso 10000 Monedas de Oro Mapa: 1 X: 278 Y: 159
5/9/2021 10:38:30 PM deidhara juntó del piso 10000 Monedas de Oro Mapa: 1 X: 278 Y: 158
5/9/2021 10:38:31 PM deidhara juntó del piso 10000 Monedas de Oro Mapa: 1 X: 278 Y: 153
5/9/2021 10:38:31 PM deidhara juntó del piso 10000 Monedas de Oro Mapa: 1 X: 278 Y: 152
5/9/2021 10:38:32 PM deidhara juntó del piso 10000 Monedas de Oro Mapa: 1 X: 278 Y: 146
5/9/2021 10:38:34 PM deidhara juntó del piso 10000 Monedas de Oro Mapa: 1 X: 280 Y: 144
5/9/2021 10:38:34 PM deidhara juntó del piso 10000 Monedas de Oro Mapa: 1 X: 280 Y: 145
5/9/2021 10:38:34 PM deidhara juntó del piso 10000 Monedas de Oro Mapa: 1 X: 280 Y: 146
5/9/2021 10:38:34 PM deidhara juntó del piso 10000 Monedas de Oro Mapa: 1 X: 280 Y: 147
5/9/2021 10:38:35 PM deidhara juntó del piso 10000 Monedas de Oro Mapa: 1 X: 280 Y: 152
5/9/2021 10:38:35 PM deidhara juntó del piso 10000 Monedas de Oro Mapa: 1 X: 280 Y: 153
5/9/2021 10:38:36 PM deidhara juntó del piso 10000 Monedas de Oro Mapa: 1 X: 280 Y: 158
5/9/2021 10:38:36 PM deidhara juntó del piso 10000 Monedas de Oro Mapa: 1 X: 280 Y: 159
5/9/2021 10:38:37 PM deidhara juntó del piso 10000 Monedas de Oro Mapa: 1 X: 280 Y: 160
5/9/2021 10:38:37 PM deidhara juntó del piso 10000 Monedas de Oro Mapa: 1 X: 280 Y: 161
5/9/2021 10:38:37 PM deidhara juntó del piso 10000 Monedas de Oro Mapa: 1 X: 280 Y: 162
5/9/2021 10:38:37 PM deidhara juntó del piso 10000 Monedas de Oro Mapa: 1 X: 279 Y: 162
5/9/2021 10:38:37 PM deidhara juntó del piso 10000 Monedas de Oro Mapa: 1 X: 278 Y: 162
5/9/2021 10:38:38 PM deidhara juntó del piso 10000 Monedas de Oro Mapa: 1 X: 277 Y: 162
5/9/2021 10:38:38 PM deidhara juntó del piso 10000 Monedas de Oro Mapa: 1 X: 276 Y: 162
5/9/2021 10:38:38 PM deidhara juntó del piso 10000 Monedas de Oro Mapa: 1 X: 276 Y: 161
5/9/2021 10:38:38 PM deidhara juntó del piso 10000 Monedas de Oro Mapa: 1 X: 276 Y: 160
5/9/2021 10:38:38 PM deidhara juntó del piso 10000 Monedas de Oro Mapa: 1 X: 277 Y: 160
5/9/2021 10:38:39 PM deidhara juntó del piso 10000 Monedas de Oro Mapa: 1 X: 279 Y: 160
5/10/2021 8:15:31 PM benjamin juntó del piso 10000 Monedas de Oro Mapa: 1 X: 188 Y: 1228
5/10/2021 8:15:32 PM benjamin juntó del piso 10000 Monedas de Oro Mapa: 1 X: 189 Y: 1228
5/10/2021 8:15:33 PM benjamin juntó del piso 10000 Monedas de Oro Mapa: 1 X: 190 Y: 1228
5/10/2021 10:33:45 PM feoo paso a nivel 11 gano HP: 9
5/10/2021 10:34:00 PM feoo paso a nivel 12 gano HP: 8
5/13/2021 3:06:09 AM deidhara juntó del piso 10000 Monedas de Oro Mapa: 1 X: 308 Y: 488
5/13/2021 3:06:10 AM deidhara juntó del piso 10000 Monedas de Oro Mapa: 1 X: 308 Y: 489
5/13/2021 3:06:10 AM deidhara juntó del piso 10000 Monedas de Oro Mapa: 1 X: 308 Y: 490
5/13/2021 3:06:10 AM deidhara juntó del piso 10000 Monedas de Oro Mapa: 1 X: 308 Y: 491
5/13/2021 3:06:11 AM deidhara juntó del piso 10000 Monedas de Oro Mapa: 1 X: 308 Y: 492
5/13/2021 3:06:12 AM deidhara juntó del piso 10000 Monedas de Oro Mapa: 1 X: 306 Y: 492
5/13/2021 3:06:12 AM deidhara juntó del piso 10000 Monedas de Oro Mapa: 1 X: 306 Y: 491
5/13/2021 3:06:12 AM deidhara juntó del piso 10000 Monedas de Oro Mapa: 1 X: 306 Y: 490
5/13/2021 3:06:12 AM deidhara juntó del piso 10000 Monedas de Oro Mapa: 1 X: 306 Y: 489
5/13/2021 3:06:12 AM deidhara juntó del piso 10000 Monedas de Oro Mapa: 1 X: 306 Y: 487
5/13/2021 3:06:13 AM deidhara juntó del piso 10000 Monedas de Oro Mapa: 1 X: 305 Y: 487
5/13/2021 3:06:13 AM deidhara juntó del piso 10000 Monedas de Oro Mapa: 1 X: 304 Y: 487
5/13/2021 3:06:13 AM deidhara juntó del piso 10000 Monedas de Oro Mapa: 1 X: 303 Y: 487
5/13/2021 3:06:13 AM deidhara juntó del piso 10000 Monedas de Oro Mapa: 1 X: 302 Y: 487
5/13/2021 3:06:13 AM deidhara juntó del piso 10000 Monedas de Oro Mapa: 1 X: 301 Y: 487
5/13/2021 3:06:14 AM deidhara juntó del piso 10000 Monedas de Oro Mapa: 1 X: 301 Y: 488
5/13/2021 3:06:14 AM deidhara juntó del piso 10000 Monedas de Oro Mapa: 1 X: 302 Y: 490
5/13/2021 3:06:14 AM deidhara juntó del piso 10000 Monedas de Oro Mapa: 1 X: 303 Y: 490
5/13/2021 3:06:15 AM deidhara juntó del piso 10000 Monedas de Oro Mapa: 1 X: 303 Y: 491
5/13/2021 3:06:15 AM deidhara juntó del piso 10000 Monedas de Oro Mapa: 1 X: 303 Y: 492
5/13/2021 3:06:15 AM deidhara juntó del piso 10000 Monedas de Oro Mapa: 1 X: 304 Y: 492
5/13/2021 3:06:15 AM deidhara juntó del piso 10000 Monedas de Oro Mapa: 1 X: 305 Y: 492
5/13/2021 3:06:16 AM deidhara juntó del piso 10000 Monedas de Oro Mapa: 1 X: 307 Y: 492
5/13/2021 3:06:16 AM deidhara juntó del piso 10000 Monedas de Oro Mapa: 1 X: 307 Y: 491
5/13/2021 3:06:16 AM deidhara juntó del piso 10000 Monedas de Oro Mapa: 1 X: 307 Y: 489
5/13/2021 3:06:16 AM deidhara juntó del piso 10000 Monedas de Oro Mapa: 1 X: 307 Y: 488
5/13/2021 3:06:16 AM deidhara juntó del piso 10000 Monedas de Oro Mapa: 1 X: 307 Y: 487
5/13/2021 3:06:17 AM deidhara juntó del piso 10000 Monedas de Oro Mapa: 1 X: 307 Y: 486
5/13/2021 3:06:17 AM deidhara juntó del piso 10000 Monedas de Oro Mapa: 1 X: 308 Y: 486
5/13/2021 3:06:17 AM deidhara juntó del piso 10000 Monedas de Oro Mapa: 1 X: 308 Y: 487
5/13/2021 3:06:18 AM deidhara juntó del piso 10000 Monedas de Oro Mapa: 1 X: 309 Y: 487
5/13/2021 3:06:18 AM deidhara juntó del piso 10000 Monedas de Oro Mapa: 1 X: 309 Y: 486
5/13/2021 3:06:18 AM deidhara juntó del piso 10000 Monedas de Oro Mapa: 1 X: 309 Y: 485
5/13/2021 3:06:18 AM deidhara juntó del piso 10000 Monedas de Oro Mapa: 1 X: 308 Y: 485
5/13/2021 3:06:22 AM deidhara juntó del piso 10000 Monedas de Oro Mapa: 1 X: 305 Y: 489
5/13/2021 3:06:22 AM deidhara juntó del piso 10000 Monedas de Oro Mapa: 1 X: 304 Y: 489
5/13/2021 3:06:22 AM deidhara juntó del piso 10000 Monedas de Oro Mapa: 1 X: 304 Y: 490
5/13/2021 3:06:22 AM deidhara juntó del piso 10000 Monedas de Oro Mapa: 1 X: 304 Y: 491
5/13/2021 3:06:24 AM deidhara juntó del piso 10000 Monedas de Oro Mapa: 1 X: 307 Y: 490
5/13/2021 3:06:24 AM deidhara juntó del piso 10000 Monedas de Oro Mapa: 1 X: 303 Y: 489
5/13/2021 3:06:25 AM deidhara juntó del piso 10000 Monedas de Oro Mapa: 1 X: 302 Y: 489
5/13/2021 3:06:26 AM deidhara juntó del piso 10000 Monedas de Oro Mapa: 1 X: 303 Y: 486
5/13/2021 3:06:26 AM deidhara juntó del piso 10000 Monedas de Oro Mapa: 1 X: 305 Y: 486
5/13/2021 3:06:26 AM deidhara juntó del piso 10000 Monedas de Oro Mapa: 1 X: 305 Y: 485
5/13/2021 3:06:27 AM deidhara juntó del piso 10000 Monedas de Oro Mapa: 1 X: 304 Y: 485
5/13/2021 3:06:27 AM deidhara juntó del piso 10000 Monedas de Oro Mapa: 1 X: 303 Y: 485
5/13/2021 3:06:27 AM deidhara juntó del piso 10000 Monedas de Oro Mapa: 1 X: 302 Y: 485
5/13/2021 3:06:27 AM deidhara juntó del piso 10000 Monedas de Oro Mapa: 1 X: 301 Y: 485
5/13/2021 3:06:27 AM deidhara juntó del piso 10000 Monedas de Oro Mapa: 1 X: 301 Y: 486
5/14/2021 11:52:56 AM feoo paso a nivel 13 gano HP: 7
5/14/2021 11:56:46 AM sensuito paso a nivel 2 gano HP: 8
5/14/2021 11:56:59 AM sensuito paso a nivel 3 gano HP: 8
5/14/2021 5:08:34 PM sensuito paso a nivel 4 gano HP: 7
5/14/2021 5:08:40 PM sensuito paso a nivel 5 gano HP: 7
5/14/2021 5:09:37 PM sensuito paso a nivel 6 gano HP: 8
5/14/2021 5:11:00 PM sensuito paso a nivel 7 gano HP: 7
