0    0.09146961
1    0
2    0
3    0
4    0
5    0
6    0
7    0
8    0
9    0
10    0
11    0
12    0
13    0
14    0
15    0
16    0
17    0
18    0
19    0
20    0
21    0
22    0
23    0
24    0
25    0
26    0
27    0
28    0
29    0
30    0
31    0
32    0.13998238
33    0
34    0.00013551
35    0
36    0
37    0.00020327
38    0
39    0
40    0.00006776
41    0.00013551
42    0
43    0
44    0.00948574
45    0
46    0.00935023
47    0.00182939
48    0.00101633
49    0.00094857
50    0.00040653
51    0.0006098
52    0.00074531
53    0.00027102
54    0
55    0.00006776
56    0.00027102
57    0.00020327
58    0.00027102
59    0
60    0.00006776
61    0.00006776
62    0.00020327
63    0.00426858
64    0
65    0.00121959
66    0.00013551
67    0.00006776
68    0.00040653
69    0.00284572
70    0
71    0.00006776
72    0.00176164
73    0.00013551
74    0.00013551
75    0.00006776
76    0.00006776
77    0.00020327
78    0.00392981
79    0
80    0.00006776
81    0.00020327
82    0.00013551
83    0.00094857
84    0.00006776
85    0.00013551
86    0.00853716
87    0
88    0.00033878
89    0
90    0
91    0
92    0
93    0
94    0
95    0
96    0
97    0.09682228
98    0.00684328
99    0.01524494
100    0.02838946
101    0.15597263
102    0.00142286
103    0.00582695
104    0.01016329
105    0.03055763
106    0.00420083
107    0.00216817
108    0.04200827
109    0.02344332
110    0.0443797
111    0.05738871
112    0.01246697
113    0.00643675
114    0.04390541
115    0.04092418
116    0.03475845
117    0.02493394
118    0.00982451
119    0.00081306
120    0.00142286
121    0.01449963
122    0.00108408
123    0.00006776
124    0
125    0
126    0
127    0
128    0
129    0
130    0
131    0
132    0
133    0
134    0
135    0
136    0
137    0
138    0
139    0
140    0
141    0
142    0
143    0
144    0
145    0
146    0
147    0
148    0
149    0
150    0
151    0
152    0
153    0
154    0
155    0
156    0
157    0
158    0
159    0
160    0
161    0.00013551
162    0
163    0
164    0
165    0
166    0
167    0
168    0
169    0
170    0
171    0
172    0
173    0
174    0
175    0
176    0
177    0
178    0
179    0
180    0
181    0
182    0
183    0
184    0
185    0
186    0
187    0
188    0
189    0
190    0
191    0
192    0
193    0
194    0
195    0
196    0
197    0
198    0
199    0
200    0
201    0
202    0
203    0
204    0
205    0
206    0
207    0
208    0
209    0
210    0
211    0
212    0
213    0
214    0
215    0
216    0
217    0
218    0
219    0
220    0
221    0
222    0
223    0
224    0
225    0
226    0
227    0
228    0
229    0
230    0
231    0
232    0
233    0
234    0
235    0
236    0
237    0
238    0
239    0
240    0
241    0.00033878
242    0
243    0
244    0
245    0
246    0
247    0
248    0
249    0
250    0
251    0
252    0
253    0
254    0
255    0
TOTAL =    14759
