07/02/2021 1:44:56 server iniciado 3.0.0
07/02/2021 1:50:24 server cerrado.
07/02/2021 2:55:04 server iniciado 3.0.0
07/02/2021 3:14:30 server cerrado.
07/02/2021 15:50:03 server iniciado 3.0.0
07/02/2021 21:41:52 server cerrado.
07/02/2021 21:43:02 server iniciado 3.0.0
07/02/2021 23:04:58 server cerrado.
11/02/2021 21:57:14 server iniciado 3.0.0
11/02/2021 22:04:30 server cerrado.
12/02/2021 20:46:39 server iniciado 3.0.0
13/02/2021 0:18:23 server cerrado.
13/02/2021 22:21:20 server iniciado 3.0.0
14/02/2021 1:37:28 server cerrado.
14/02/2021 9:39:03 server iniciado 3.0.0
14/02/2021 9:43:22 server cerrado.
14/02/2021 9:53:22 server iniciado 3.0.0
14/02/2021 10:40:21 server cerrado.
14/02/2021 12:52:42 server iniciado 3.0.0
14/02/2021 13:23:08 server cerrado.
14/02/2021 13:23:14 server iniciado 3.0.0
14/02/2021 13:53:21 server cerrado.
14/02/2021 13:59:22 server iniciado 3.0.0
14/02/2021 14:25:04 server cerrado.
14/02/2021 14:25:24 server iniciado 3.0.0
14/02/2021 14:35:02 server cerrado.
14/02/2021 15:02:45 server iniciado 3.0.0
14/02/2021 15:20:23 server cerrado.
14/02/2021 15:20:56 server iniciado 3.0.0
14/02/2021 15:31:00 server iniciado 3.0.0
14/02/2021 15:36:51 server cerrado.
14/02/2021 16:35:56 server iniciado 3.0.0
14/02/2021 16:43:22 server cerrado.
4/24/2021 7:05:17 PM server iniciado 3.0.0
4/24/2021 8:07:38 PM server iniciado 3.0.0
4/24/2021 8:12:59 PM server iniciado 3.0.0
4/24/2021 8:14:35 PM server iniciado 3.0.0
4/24/2021 8:25:33 PM server iniciado 3.0.0
4/24/2021 8:41:05 PM server iniciado 3.0.0
4/24/2021 8:44:56 PM server iniciado 3.0.0
4/24/2021 8:48:04 PM server iniciado 3.0.0
4/24/2021 8:54:25 PM server iniciado 3.0.0
4/24/2021 8:55:45 PM server iniciado 3.0.0
4/24/2021 9:06:44 PM server iniciado 3.0.0
4/24/2021 9:10:06 PM server iniciado 3.0.0
4/24/2021 9:12:37 PM server iniciado 3.0.0
4/25/2021 5:10:32 PM server iniciado 3.0.0
4/25/2021 6:10:42 PM server iniciado 3.0.0
4/25/2021 6:24:36 PM server iniciado 3.0.0
4/25/2021 6:25:52 PM server iniciado 3.0.0
4/25/2021 6:27:33 PM server iniciado 3.0.0
4/25/2021 7:30:38 PM server iniciado 3.0.0
4/25/2021 7:43:11 PM server iniciado 3.0.0
4/25/2021 7:43:58 PM server iniciado 3.0.0
4/26/2021 1:56:37 AM server iniciado 3.0.0
4/26/2021 10:29:35 AM server iniciado 3.0.0
4/26/2021 10:31:09 AM server iniciado 3.0.0
4/26/2021 10:35:30 AM server iniciado 3.0.0
4/26/2021 10:37:17 AM server iniciado 3.0.0
4/26/2021 10:47:24 AM server iniciado 3.0.0
4/26/2021 12:19:03 PM server iniciado 3.0.0
4/26/2021 12:34:41 PM server iniciado 3.0.0
4/26/2021 12:42:21 PM server iniciado 3.0.0
4/26/2021 12:43:13 PM server iniciado 3.0.0
4/26/2021 1:10:41 PM server iniciado 3.0.0
4/26/2021 1:12:39 PM server iniciado 3.0.0
4/26/2021 1:15:16 PM server iniciado 3.0.0
4/26/2021 1:17:29 PM server iniciado 3.0.0
4/26/2021 1:19:22 PM server iniciado 3.0.0
4/26/2021 1:22:13 PM server iniciado 3.0.0
4/26/2021 1:22:56 PM server iniciado 3.0.0
4/26/2021 1:24:45 PM server iniciado 3.0.0
4/26/2021 1:27:30 PM server iniciado 3.0.0
4/26/2021 1:29:57 PM server iniciado 3.0.0
4/26/2021 1:35:15 PM server iniciado 3.0.0
4/26/2021 1:42:53 PM server iniciado 3.0.0
4/26/2021 1:48:05 PM server iniciado 3.0.0
4/26/2021 1:52:54 PM server iniciado 3.0.0
4/26/2021 1:57:53 PM server iniciado 3.0.0
4/26/2021 2:06:06 PM server iniciado 3.0.0
4/26/2021 2:12:19 PM server iniciado 3.0.0
4/26/2021 2:13:14 PM server iniciado 3.0.0
4/26/2021 3:18:13 PM server iniciado 3.0.0
4/26/2021 3:20:25 PM server iniciado 3.0.0
4/26/2021 3:23:19 PM server iniciado 3.0.0
4/26/2021 3:34:09 PM server cerrado.
4/26/2021 3:35:11 PM server iniciado 3.0.0
4/26/2021 3:44:27 PM server iniciado 3.0.0
4/26/2021 3:50:44 PM server cerrado.
4/26/2021 3:51:02 PM server iniciado 3.0.0
4/26/2021 3:53:02 PM server iniciado 3.0.0
4/26/2021 4:10:54 PM server iniciado 3.0.0
4/28/2021 9:57:35 AM server cerrado.
4/28/2021 9:57:44 AM server iniciado 3.0.0
4/28/2021 10:15:09 AM server cerrado.
4/28/2021 10:15:16 AM server iniciado 3.0.0
4/28/2021 10:16:52 AM server cerrado.
4/28/2021 10:16:57 AM server iniciado 3.0.0
4/28/2021 10:18:18 AM server cerrado.
4/28/2021 10:18:24 AM server iniciado 3.0.0
4/28/2021 10:21:23 AM server cerrado.
4/28/2021 10:21:37 AM server iniciado 3.0.0
4/28/2021 10:24:34 AM server cerrado.
4/28/2021 10:24:40 AM server iniciado 3.0.0
4/28/2021 10:24:44 AM server cerrado.
4/28/2021 10:24:50 AM server iniciado 3.0.0
4/28/2021 10:27:30 AM server iniciado 3.0.0
4/28/2021 10:27:31 AM server cerrado.
4/28/2021 10:27:35 AM server cerrado.
4/28/2021 10:27:40 AM server iniciado 3.0.0
4/28/2021 10:28:52 AM server cerrado.
4/28/2021 10:29:15 AM server iniciado 3.0.0
4/28/2021 10:31:33 AM server cerrado.
4/28/2021 10:34:29 AM server iniciado 3.0.0
4/28/2021 10:42:58 AM server iniciado 3.0.0
4/28/2021 10:55:39 AM server iniciado 3.0.0
4/28/2021 10:56:43 AM server iniciado 3.0.0
