07/02/2021 15:59:36 Se conecto con ip:213.94.53.237
07/02/2021 15:59:51 /IRA NEOSEFIROT Mapa:19 X:154 Y:167
07/02/2021 16:00:42 /IRA NEOSEFIROT Mapa:1 X:207 Y:202
07/02/2021 16:00:47 Transportó a SENSUI hacia Mapa1 X:208 Y:1154
07/02/2021 16:01:01 /TELEPLOC a x:194 Y:1158 Map:1
07/02/2021 16:02:02 Mensaje Broadcast:EL SONIDO A MOSCA LO PUSE YO XD
07/02/2021 16:05:56 /IRA neosefirot Mapa:1 X:705 Y:340
07/02/2021 16:06:56 /IRA neosefirot Mapa:1 X:725 Y:152
07/02/2021 16:07:22 /IRA neosefirot Mapa:18 X:122 Y:270
07/02/2021 16:07:28 /IRA neosefirot Mapa:18 X:138 Y:168
07/02/2021 22:25:18 Se conecto con ip:213.94.53.237
07/02/2021 22:26:14 Se conecto con ip:213.94.53.237
07/02/2021 22:28:18 /MOD EXP 20000000  SENSUI
07/02/2021 22:32:35 Transportó a SENSUI hacia Mapa1 X:194 Y:1252
07/02/2021 22:32:48 /MOD ORO 98000  sensui
07/02/2021 22:35:34 Se conecto con ip:213.94.53.237
07/02/2021 22:35:38 Se conecto con ip:213.94.53.237
07/02/2021 22:35:51 /CI: 1 - Manzana Roja - 1
07/02/2021 22:35:58 Se conecto con ip:213.94.53.237
07/02/2021 22:36:42 Mensaje Broadcast:e
12/02/2021 20:48:26 Se conecto con ip:213.94.53.237
12/02/2021 20:48:29 Transportó a SENSUI hacia Mapa1 X:164 Y:1139
12/02/2021 20:48:30 /TELEPLOC a x:0 Y:0 Map:1
12/02/2021 20:48:32 /TELEPLOC a x:0 Y:0 Map:1
12/02/2021 20:48:32 /TELEPLOC a x:0 Y:0 Map:1
12/02/2021 20:48:33 /TELEPLOC a x:0 Y:0 Map:1
12/02/2021 20:48:33 /TELEPLOC a x:0 Y:0 Map:1
12/02/2021 20:48:34 /TELEPLOC a x:0 Y:0 Map:1
12/02/2021 20:48:34 /TELEPLOC a x:0 Y:0 Map:1
12/02/2021 20:48:35 /TELEPLOC a x:0 Y:0 Map:1
12/02/2021 20:48:36 /TELEPLOC a x:0 Y:0 Map:1
12/02/2021 20:48:36 /TELEPLOC a x:0 Y:0 Map:1
12/02/2021 20:48:37 /TELEPLOC a x:0 Y:0 Map:1
12/02/2021 20:48:37 /TELEPLOC a x:0 Y:0 Map:1
12/02/2021 20:48:38 /TELEPLOC a x:0 Y:0 Map:1
12/02/2021 20:48:40 /TELEPLOC a x:0 Y:0 Map:1
12/02/2021 20:48:42 /TELEPLOC a x:0 Y:0 Map:1
12/02/2021 20:49:29 /IRA neosefirot Mapa:1 X:273 Y:193
12/02/2021 20:49:31 /TELEPLOC a x:0 Y:0 Map:1
12/02/2021 20:49:33 /TELEPLOC a x:0 Y:0 Map:1
12/02/2021 20:49:44 Transportó a SENSUI hacia Mapa1 X:472 Y:1139
12/02/2021 20:49:46 Transportó a SENSUI hacia Mapa1 X:373 Y:1049
12/02/2021 20:49:51 Transportó a SENSUI hacia Mapa1 X:373 Y:1154
12/02/2021 20:49:51 Transportó a SENSUI hacia Mapa1 X:417 Y:989
12/02/2021 20:49:52 Transportó a SENSUI hacia Mapa1 X:461 Y:1034
12/02/2021 20:49:53 Transportó a SENSUI hacia Mapa1 X:406 Y:1259
12/02/2021 20:49:55 Transportó a SENSUI hacia Mapa1 X:296 Y:884
12/02/2021 20:49:56 /TELEPLOC a x:378 Y:1049 Map:1
12/02/2021 20:49:57 /TELEPLOC a x:378 Y:1049 Map:1
12/02/2021 20:49:58 /TELEPLOC a x:378 Y:1049 Map:1
12/02/2021 20:49:59 /TELEPLOC a x:378 Y:1049 Map:1
12/02/2021 20:50:00 /TELEPLOC a x:378 Y:1049 Map:1
12/02/2021 20:54:29 Se conecto con ip:213.94.53.237
12/02/2021 20:54:30 /TELEPLOC a x:182 Y:1226 Map:1
12/02/2021 20:54:36 Transportó a SENSUI hacia Mapa1 X:194 Y:1252
12/02/2021 20:54:38 /TELEPLOC a x:182 Y:1226 Map:1
12/02/2021 20:54:39 /TELEPLOC a x:182 Y:1226 Map:1
12/02/2021 20:54:40 /TELEPLOC a x:182 Y:1226 Map:1
12/02/2021 20:54:41 /TELEPLOC a x:182 Y:1226 Map:1
12/02/2021 20:54:43 /TELEPLOC a x:182 Y:1226 Map:1
12/02/2021 21:03:17 Se conecto con ip:213.94.53.237
12/02/2021 21:03:19 /TELEPLOC a x:182 Y:1226 Map:1
12/02/2021 21:03:22 /TELEPLOC a x:182 Y:1226 Map:1
12/02/2021 21:03:25 /TELEPLOC a x:182 Y:1226 Map:1
12/02/2021 21:03:29 /TELEPLOC a x:182 Y:1226 Map:1
12/02/2021 21:03:29 /TELEPLOC a x:182 Y:1226 Map:1
12/02/2021 21:03:30 /TELEPLOC a x:182 Y:1226 Map:1
12/02/2021 21:03:32 /TELEPLOC a x:182 Y:1226 Map:1
12/02/2021 21:03:33 /TELEPLOC a x:182 Y:1226 Map:1
12/02/2021 21:03:36 /TELEPLOC a x:182 Y:1226 Map:1
12/02/2021 21:03:39 /TELEPLOC a x:182 Y:1226 Map:1
12/02/2021 21:03:39 /TELEPLOC a x:182 Y:1226 Map:1
12/02/2021 21:03:40 /TELEPLOC a x:182 Y:1226 Map:1
12/02/2021 21:03:43 /TELEPLOC a x:182 Y:1226 Map:1
12/02/2021 21:03:44 /TELEPLOC a x:182 Y:1226 Map:1
12/02/2021 21:43:14 Se conecto con ip:213.94.53.237
12/02/2021 21:43:16 /TELEPLOC a x:182 Y:1226 Map:1
12/02/2021 21:43:19 /TELEPLOC a x:182 Y:1226 Map:1
12/02/2021 21:56:29 Se conecto con ip:213.94.53.237
12/02/2021 22:02:07 Se conecto con ip:213.94.53.237
12/02/2021 22:06:55 Se conecto con ip:213.94.53.237
12/02/2021 22:06:59 /TELEPLOC a x:181 Y:1233 Map:1
12/02/2021 22:07:00 /TELEPLOC a x:181 Y:1233 Map:1
12/02/2021 22:07:01 /TELEPLOC a x:181 Y:1233 Map:1
12/02/2021 22:07:02 /TELEPLOC a x:181 Y:1233 Map:1
12/02/2021 22:08:35 Se conecto con ip:213.94.53.237
12/02/2021 22:08:38 /TELEPLOC a x:180 Y:1233 Map:1
12/02/2021 22:08:40 /TELEPLOC a x:181 Y:1234 Map:1
12/02/2021 22:08:43 /TELEPLOC a x:181 Y:1233 Map:1
12/02/2021 22:08:46 /TELEPLOC a x:180 Y:1233 Map:1
12/02/2021 22:08:47 /TELEPLOC a x:180 Y:1233 Map:1
12/02/2021 22:11:11 Se conecto con ip:213.94.53.237
12/02/2021 22:14:36 Se conecto con ip:213.94.53.237
12/02/2021 22:34:17 Se conecto con ip:213.94.53.237
12/02/2021 22:35:02 /TELEPLOC a x:173 Y:1237 Map:1
12/02/2021 22:35:07 /TELEPLOC a x:181 Y:1228 Map:1
12/02/2021 22:35:09 /TELEPLOC a x:181 Y:1228 Map:1
12/02/2021 22:35:11 /TELEPLOC a x:181 Y:1228 Map:1
12/02/2021 22:49:14 Se conecto con ip:213.94.53.237
12/02/2021 22:49:17 /TELEPLOC a x:181 Y:1228 Map:1
12/02/2021 22:49:18 /TELEPLOC a x:181 Y:1228 Map:1
12/02/2021 22:51:35 Se conecto con ip:213.94.53.237
12/02/2021 22:54:24 Se conecto con ip:213.94.53.237
12/02/2021 22:55:35 Transportó a SENSUI hacia Mapa1 X:241 Y:299
12/02/2021 22:55:36 Transportó a SENSUI hacia Mapa1 X:329 Y:389
12/02/2021 22:55:38 Transportó a SENSUI hacia Mapa1 X:241 Y:209
12/02/2021 22:55:40 /TELEPLOC a x:186 Y:1224 Map:1
12/02/2021 22:55:42 /TELEPLOC a x:186 Y:1224 Map:1
12/02/2021 22:55:43 /TELEPLOC a x:186 Y:1224 Map:1
12/02/2021 22:55:49 Transportó a SENSUI hacia Mapa1 X:582 Y:1289
12/02/2021 22:55:49 Transportó a SENSUI hacia Mapa1 X:417 Y:1169
12/02/2021 22:55:51 Transportó a SENSUI hacia Mapa1 X:417 Y:974
12/02/2021 22:55:52 Transportó a SENSUI hacia Mapa1 X:648 Y:929
12/02/2021 22:55:53 Transportó a SENSUI hacia Mapa1 X:263 Y:854
12/02/2021 22:55:54 /TELEPLOC a x:186 Y:1224 Map:1
12/02/2021 22:55:59 /TELEPLOC a x:186 Y:1224 Map:1
12/02/2021 22:56:01 /TELEPLOC a x:186 Y:1224 Map:1
12/02/2021 22:56:03 /TELEPLOC a x:186 Y:1224 Map:1
13/02/2021 22:21:52 Se conecto con ip:213.94.53.237
13/02/2021 22:27:23 Tiro cantidad:10000 Objeto:Monedas de Oro
13/02/2021 22:28:34 Transportó a SENSUI hacia Mapa1 X:194 Y:1252
13/02/2021 22:29:00 /BLOQ
13/02/2021 22:29:02 /BLOQ
13/02/2021 22:29:06 /BLOQ
13/02/2021 22:29:09 /BLOQ
13/02/2021 22:29:27 /IRA neosefirot Mapa:1 X:504 Y:1379
13/02/2021 22:30:19 Transportó a SENSUI hacia Mapa1 X:285 Y:1229
13/02/2021 22:30:20 Transportó a SENSUI hacia Mapa1 X:384 Y:1049
13/02/2021 22:30:21 Transportó a SENSUI hacia Mapa1 X:43 Y:1424
13/02/2021 22:30:22 Transportó a SENSUI hacia Mapa1 X:329 Y:1139
13/02/2021 22:30:22 Transportó a SENSUI hacia Mapa1 X:626 Y:404
13/02/2021 22:30:26 /IRA neosefirot Mapa:1 X:466 Y:1403
13/02/2021 22:30:59 /TELEPLOC a x:470 Y:1315 Map:1
13/02/2021 22:31:00 /TELEPLOC a x:470 Y:1315 Map:1
13/02/2021 22:31:03 /TELEPLOC a x:470 Y:1315 Map:1
13/02/2021 22:33:16 /IRA neosefirot Mapa:1 X:189 Y:1187
13/02/2021 22:33:39 /TELEPLOC a x:166 Y:1166 Map:1
13/02/2021 22:33:41 /TELEPLOC a x:166 Y:1166 Map:1
13/02/2021 22:33:42 /TELEPLOC a x:166 Y:1166 Map:1
13/02/2021 22:35:23 /TELEPLOC a x:66 Y:447 Map:13
13/02/2021 22:35:24 /TELEPLOC a x:66 Y:447 Map:13
13/02/2021 22:35:25 /TELEPLOC a x:66 Y:447 Map:13
13/02/2021 22:35:26 /TELEPLOC a x:66 Y:447 Map:13
13/02/2021 22:35:27 /TELEPLOC a x:66 Y:447 Map:13
13/02/2021 22:35:27 /TELEPLOC a x:66 Y:447 Map:13
13/02/2021 22:35:28 /TELEPLOC a x:66 Y:447 Map:13
13/02/2021 22:35:29 /TELEPLOC a x:66 Y:447 Map:13
13/02/2021 22:36:07 /TELEPLOC a x:95 Y:418 Map:13
13/02/2021 22:36:07 /TELEPLOC a x:95 Y:418 Map:13
13/02/2021 22:36:09 /TELEPLOC a x:95 Y:418 Map:13
13/02/2021 22:39:43 /TELEPLOC a x:179 Y:1170 Map:1
13/02/2021 22:39:46 /TELEPLOC a x:179 Y:1170 Map:1
13/02/2021 22:39:47 /TELEPLOC a x:179 Y:1170 Map:1
13/02/2021 22:39:48 /TELEPLOC a x:179 Y:1170 Map:1
13/02/2021 22:41:14 /TELEPLOC a x:215 Y:1130 Map:1
13/02/2021 22:47:01 Se conecto con ip:213.94.53.237
13/02/2021 22:47:03 Transportó a SENSUI hacia Mapa1 X:219 Y:1244
13/02/2021 22:47:05 /TELEPLOC a x:189 Y:1190 Map:1
13/02/2021 22:47:05 /TELEPLOC a x:189 Y:1190 Map:1
13/02/2021 22:47:06 /TELEPLOC a x:189 Y:1190 Map:1
13/02/2021 22:47:07 /TELEPLOC a x:189 Y:1190 Map:1
13/02/2021 22:47:09 /TELEPLOC a x:189 Y:1190 Map:1
13/02/2021 22:47:10 /TELEPLOC a x:189 Y:1190 Map:1
13/02/2021 22:49:48 Se conecto con ip:213.94.53.237
13/02/2021 22:57:06 Se conecto con ip:213.94.53.237
13/02/2021 22:57:08 Transportó a SENSUI hacia Mapa1 X:153 Y:539
13/02/2021 22:57:10 /TELEPLOC a x:215 Y:1130 Map:1
13/02/2021 22:57:11 /TELEPLOC a x:215 Y:1130 Map:1
13/02/2021 22:57:12 /TELEPLOC a x:215 Y:1130 Map:1
13/02/2021 22:57:13 /TELEPLOC a x:215 Y:1130 Map:1
13/02/2021 22:57:13 /TELEPLOC a x:215 Y:1130 Map:1
13/02/2021 22:57:14 /TELEPLOC a x:215 Y:1130 Map:1
13/02/2021 22:57:15 /TELEPLOC a x:215 Y:1130 Map:1
13/02/2021 22:57:15 /TELEPLOC a x:215 Y:1130 Map:1
13/02/2021 22:57:17 Transportó a SENSUI hacia Mapa1 X:296 Y:674
13/02/2021 22:57:19 Transportó a SENSUI hacia Mapa1 X:131 Y:539
13/02/2021 22:57:20 /TELEPLOC a x:215 Y:1130 Map:1
13/02/2021 22:57:22 Transportó a SENSUI hacia Mapa1 X:219 Y:344
13/02/2021 22:57:24 Transportó a SENSUI hacia Mapa1 X:120 Y:584
13/02/2021 22:57:26 Transportó a SENSUI hacia Mapa1 X:120 Y:524
13/02/2021 22:57:27 /TELEPLOC a x:215 Y:1130 Map:1
13/02/2021 22:57:30 Transportó a SENSUI hacia Mapa1 X:54 Y:539
13/02/2021 22:57:31 Transportó a SENSUI hacia Mapa1 X:109 Y:404
13/02/2021 22:57:32 Transportó a SENSUI hacia Mapa1 X:120 Y:554
13/02/2021 22:57:34 /TELEPLOC a x:215 Y:1130 Map:1
13/02/2021 22:57:34 /TELEPLOC a x:215 Y:1130 Map:1
13/02/2021 22:57:35 /TELEPLOC a x:215 Y:1130 Map:1
13/02/2021 22:57:36 /TELEPLOC a x:215 Y:1130 Map:1
13/02/2021 22:57:37 /TELEPLOC a x:215 Y:1130 Map:1
13/02/2021 22:57:38 /TELEPLOC a x:215 Y:1130 Map:1
13/02/2021 22:57:39 /TELEPLOC a x:215 Y:1130 Map:1
13/02/2021 22:57:40 /TELEPLOC a x:215 Y:1130 Map:1
13/02/2021 22:57:41 /TELEPLOC a x:215 Y:1130 Map:1
13/02/2021 22:57:42 /TELEPLOC a x:215 Y:1130 Map:1
13/02/2021 22:57:43 /TELEPLOC a x:215 Y:1130 Map:1
13/02/2021 22:57:44 /TELEPLOC a x:215 Y:1130 Map:1
13/02/2021 22:57:45 /TELEPLOC a x:215 Y:1130 Map:1
13/02/2021 22:57:46 /TELEPLOC a x:215 Y:1130 Map:1
13/02/2021 22:57:46 /TELEPLOC a x:215 Y:1130 Map:1
13/02/2021 22:57:47 /TELEPLOC a x:215 Y:1130 Map:1
13/02/2021 22:57:48 /TELEPLOC a x:215 Y:1130 Map:1
13/02/2021 22:57:49 /TELEPLOC a x:215 Y:1130 Map:1
13/02/2021 22:57:50 /TELEPLOC a x:215 Y:1130 Map:1
13/02/2021 22:57:50 /TELEPLOC a x:215 Y:1130 Map:1
13/02/2021 22:57:51 /TELEPLOC a x:215 Y:1130 Map:1
13/02/2021 22:57:52 /TELEPLOC a x:215 Y:1130 Map:1
13/02/2021 22:57:53 /TELEPLOC a x:215 Y:1130 Map:1
13/02/2021 22:57:55 /TELEPLOC a x:215 Y:1130 Map:1
13/02/2021 22:57:56 /TELEPLOC a x:215 Y:1130 Map:1
13/02/2021 22:57:56 /TELEPLOC a x:215 Y:1130 Map:1
13/02/2021 22:57:57 /TELEPLOC a x:215 Y:1130 Map:1
13/02/2021 22:57:58 /TELEPLOC a x:215 Y:1130 Map:1
13/02/2021 22:57:59 /TELEPLOC a x:215 Y:1130 Map:1
13/02/2021 22:58:00 /TELEPLOC a x:215 Y:1130 Map:1
13/02/2021 23:01:18 Se conecto con ip:213.94.53.237
13/02/2021 23:01:20 Transportó a SENSUI hacia Mapa1 X:692 Y:854
13/02/2021 23:01:21 /TELEPLOC a x:215 Y:1130 Map:1
13/02/2021 23:01:22 /TELEPLOC a x:215 Y:1130 Map:1
13/02/2021 23:01:22 /TELEPLOC a x:215 Y:1130 Map:1
13/02/2021 23:01:23 /TELEPLOC a x:215 Y:1130 Map:1
13/02/2021 23:01:23 /TELEPLOC a x:215 Y:1130 Map:1
13/02/2021 23:01:24 /TELEPLOC a x:215 Y:1130 Map:1
13/02/2021 23:01:25 /TELEPLOC a x:215 Y:1130 Map:1
13/02/2021 23:01:26 Transportó a SENSUI hacia Mapa1 X:714 Y:959
13/02/2021 23:01:27 /TELEPLOC a x:215 Y:1130 Map:1
13/02/2021 23:01:29 /TELEPLOC a x:215 Y:1130 Map:1
13/02/2021 23:01:31 Transportó a SENSUI hacia Mapa1 X:659 Y:794
13/02/2021 23:01:33 Transportó a SENSUI hacia Mapa1 X:813 Y:659
13/02/2021 23:01:34 Transportó a SENSUI hacia Mapa1 X:725 Y:509
13/02/2021 23:01:35 Transportó a SENSUI hacia Mapa1 X:582 Y:434
13/02/2021 23:01:36 Transportó a SENSUI hacia Mapa1 X:505 Y:404
13/02/2021 23:01:38 /TELEPLOC a x:215 Y:1130 Map:1
13/02/2021 23:01:38 /TELEPLOC a x:215 Y:1130 Map:1
13/02/2021 23:01:39 /TELEPLOC a x:215 Y:1130 Map:1
13/02/2021 23:01:39 /TELEPLOC a x:215 Y:1130 Map:1
13/02/2021 23:03:12 Se conecto con ip:213.94.53.237
13/02/2021 23:03:14 Transportó a SENSUI hacia Mapa1 X:175 Y:1169
13/02/2021 23:03:16 /TELEPLOC a x:215 Y:1130 Map:1
13/02/2021 23:03:17 /TELEPLOC a x:215 Y:1130 Map:1
13/02/2021 23:03:17 /TELEPLOC a x:215 Y:1130 Map:1
13/02/2021 23:03:18 /TELEPLOC a x:215 Y:1130 Map:1
13/02/2021 23:03:19 /TELEPLOC a x:215 Y:1130 Map:1
13/02/2021 23:03:20 /TELEPLOC a x:215 Y:1130 Map:1
13/02/2021 23:03:22 /TELEPLOC a x:215 Y:1130 Map:1
13/02/2021 23:03:23 /TELEPLOC a x:215 Y:1130 Map:1
13/02/2021 23:03:23 /TELEPLOC a x:215 Y:1130 Map:1
13/02/2021 23:03:24 /TELEPLOC a x:215 Y:1130 Map:1
13/02/2021 23:03:25 /TELEPLOC a x:215 Y:1130 Map:1
13/02/2021 23:03:25 /TELEPLOC a x:215 Y:1130 Map:1
13/02/2021 23:03:26 /TELEPLOC a x:215 Y:1130 Map:1
13/02/2021 23:03:27 /TELEPLOC a x:215 Y:1130 Map:1
13/02/2021 23:14:29 Se conecto con ip:213.94.53.237
13/02/2021 23:14:36 /TELEPLOC a x:175 Y:1243 Map:1
13/02/2021 23:14:37 /TELEPLOC a x:175 Y:1243 Map:1
13/02/2021 23:14:40 /TELEPLOC a x:175 Y:1243 Map:1
13/02/2021 23:14:40 /TELEPLOC a x:175 Y:1243 Map:1
13/02/2021 23:15:33 Se conecto con ip:213.94.53.237
13/02/2021 23:15:36 /TELEPLOC a x:175 Y:1243 Map:1
13/02/2021 23:15:39 /TELEPLOC a x:175 Y:1243 Map:1
13/02/2021 23:15:40 /TELEPLOC a x:175 Y:1243 Map:1
13/02/2021 23:15:42 /TELEPLOC a x:175 Y:1243 Map:1
13/02/2021 23:15:43 /TELEPLOC a x:175 Y:1243 Map:1
13/02/2021 23:15:44 /TELEPLOC a x:175 Y:1243 Map:1
13/02/2021 23:15:45 /TELEPLOC a x:175 Y:1243 Map:1
13/02/2021 23:15:45 /TELEPLOC a x:175 Y:1243 Map:1
13/02/2021 23:15:46 /TELEPLOC a x:175 Y:1243 Map:1
13/02/2021 23:15:49 /TELEPLOC a x:175 Y:1243 Map:1
13/02/2021 23:15:49 /TELEPLOC a x:175 Y:1243 Map:1
13/02/2021 23:15:50 /TELEPLOC a x:175 Y:1243 Map:1
13/02/2021 23:15:51 /TELEPLOC a x:175 Y:1243 Map:1
13/02/2021 23:15:51 /TELEPLOC a x:175 Y:1243 Map:1
13/02/2021 23:15:52 /TELEPLOC a x:175 Y:1243 Map:1
13/02/2021 23:15:53 /TELEPLOC a x:175 Y:1243 Map:1
13/02/2021 23:15:53 /TELEPLOC a x:175 Y:1243 Map:1
13/02/2021 23:15:54 /TELEPLOC a x:175 Y:1243 Map:1
13/02/2021 23:15:54 /TELEPLOC a x:175 Y:1243 Map:1
13/02/2021 23:15:55 /TELEPLOC a x:175 Y:1243 Map:1
13/02/2021 23:15:56 /TELEPLOC a x:175 Y:1243 Map:1
13/02/2021 23:15:57 /TELEPLOC a x:175 Y:1243 Map:1
13/02/2021 23:15:58 /TELEPLOC a x:175 Y:1243 Map:1
13/02/2021 23:16:01 Transportó a SENSUI hacia Mapa1 X:593 Y:1259
13/02/2021 23:16:03 Transportó a SENSUI hacia Mapa1 X:483 Y:1289
13/02/2021 23:16:04 Transportó a SENSUI hacia Mapa1 X:483 Y:1184
13/02/2021 23:16:05 Transportó a SENSUI hacia Mapa1 X:593 Y:1214
13/02/2021 23:16:06 Transportó a SENSUI hacia Mapa1 X:923 Y:1349
13/02/2021 23:16:07 Transportó a SENSUI hacia Mapa1 X:560 Y:569
13/02/2021 23:16:08 Transportó a SENSUI hacia Mapa1 X:736 Y:434
13/02/2021 23:16:11 Transportó a SENSUI hacia Mapa1 X:802 Y:464
13/02/2021 23:16:12 Transportó a SENSUI hacia Mapa1 X:813 Y:359
13/02/2021 23:16:13 /TELEPLOC a x:175 Y:1243 Map:1
13/02/2021 23:16:14 /TELEPLOC a x:175 Y:1243 Map:1
13/02/2021 23:16:15 /TELEPLOC a x:175 Y:1243 Map:1
13/02/2021 23:16:16 /TELEPLOC a x:175 Y:1243 Map:1
13/02/2021 23:16:18 /TELEPLOC a x:175 Y:1243 Map:1
4/28/2021 12:01:36 PM Se conecto con ip:213.94.53.229
4/28/2021 12:01:40 PM /IRA deidhara Mapa:1 X:190 Y:1214
4/28/2021 12:01:52 PM /TELEPLOC a x:187 Y:1213 Map:1
4/28/2021 12:02:01 PM /TELEPLOC a x:194 Y:1208 Map:1
4/28/2021 12:02:12 PM /TELEPLOC a x:187 Y:1213 Map:1
4/28/2021 12:02:13 PM /TELEPLOC a x:187 Y:1213 Map:1
4/28/2021 12:02:16 PM /TELEPLOC a x:187 Y:1213 Map:1
4/28/2021 12:02:17 PM /TELEPLOC a x:187 Y:1213 Map:1
4/28/2021 12:02:18 PM /TELEPLOC a x:187 Y:1213 Map:1
4/28/2021 12:02:21 PM /TELEPLOC a x:187 Y:1213 Map:1
4/28/2021 12:02:27 PM /TELEPLOC a x:273 Y:844 Map:1
4/28/2021 12:02:27 PM /TELEPLOC a x:273 Y:844 Map:1
4/28/2021 12:02:28 PM /TELEPLOC a x:273 Y:844 Map:1
4/28/2021 12:02:29 PM /TELEPLOC a x:273 Y:844 Map:1
4/28/2021 12:02:30 PM /TELEPLOC a x:273 Y:844 Map:1
4/28/2021 12:02:33 PM /TELEPLOC a x:273 Y:844 Map:1
4/28/2021 12:02:54 PM /TELEPLOC a x:327 Y:233 Map:1
4/28/2021 12:02:55 PM /TELEPLOC a x:327 Y:233 Map:1
4/28/2021 12:02:57 PM /TELEPLOC a x:327 Y:233 Map:1
4/28/2021 12:02:58 PM /TELEPLOC a x:327 Y:233 Map:1
4/28/2021 12:02:58 PM /TELEPLOC a x:327 Y:233 Map:1
4/28/2021 12:02:59 PM /TELEPLOC a x:327 Y:233 Map:1
4/28/2021 12:03:00 PM /TELEPLOC a x:327 Y:233 Map:1
4/28/2021 12:03:01 PM /TELEPLOC a x:327 Y:233 Map:1
4/28/2021 12:03:02 PM /TELEPLOC a x:327 Y:233 Map:1
13/6/2021 19:17:53 Se conecto con ip:127.0.0.1
13/6/2021 19:18:07 /TELEPLOC a x:320 Y:865 Map:1
13/6/2021 19:18:07 /TELEPLOC a x:320 Y:865 Map:1
13/6/2021 19:18:09 /TELEPLOC a x:298 Y:896 Map:1
13/6/2021 19:18:19 /TELEPLOC a x:293 Y:906 Map:1
13/6/2021 19:18:20 /TELEPLOC a x:293 Y:906 Map:1
13/6/2021 19:18:56 Transportó a sensui hacia Mapa1 X:194 Y:1252
13/6/2021 19:18:57 /TELEPLOC a x:272 Y:903 Map:1
13/6/2021 19:18:57 /TELEPLOC a x:272 Y:903 Map:1
13/6/2021 19:18:58 /TELEPLOC a x:272 Y:903 Map:1
13/6/2021 19:19:00 /TELEPLOC a x:272 Y:903 Map:1
13/6/2021 19:21:46 /TELEPLOC a x:159 Y:1245 Map:1
13/6/2021 19:21:50 Sumoneo Murciélago
13/6/2021 19:23:33 /TELEPLOC a x:162 Y:1242 Map:1
13/6/2021 19:23:34 /TELEPLOC a x:162 Y:1242 Map:1
13/6/2021 19:23:36 /TELEPLOC a x:162 Y:1242 Map:1
13/6/2021 19:23:39 /TELEPLOC a x:179 Y:1226 Map:1
13/6/2021 19:23:40 /TELEPLOC a x:179 Y:1226 Map:1
13/6/2021 19:23:41 /TELEPLOC a x:179 Y:1226 Map:1
13/6/2021 19:23:43 /TELEPLOC a x:188 Y:1213 Map:1
13/6/2021 19:23:52 /TELEPLOC a x:191 Y:1178 Map:1
13/6/2021 19:23:52 /TELEPLOC a x:191 Y:1178 Map:1
13/6/2021 19:23:54 /TELEPLOC a x:177 Y:1185 Map:1
13/6/2021 19:23:58 Sumoneo Araña Gigante
13/6/2021 19:25:30 Sumoneo Araña Gigante
13/6/2021 19:27:51 Sumoneo Araña Gigante
13/6/2021 19:28:13 Sumoneo Araña Gigante
13/6/2021 19:32:33 Sumoneo Araña Gigante
13/6/2021 19:32:52 Sumoneo Araña Gigante
13/6/2021 19:33:02 Sumoneo Araña Gigante
13/6/2021 19:33:19 Sumoneo Araña Gigante
13/6/2021 19:33:30 Sumoneo Araña Gigante
13/6/2021 19:35:45 Sumoneo Araña Gigante
13/6/2021 19:35:52 /TELEPLOC a x:177 Y:1185 Map:1
13/6/2021 19:35:53 /TELEPLOC a x:177 Y:1185 Map:1
13/6/2021 19:36:02 /TELEPLOC a x:188 Y:1179 Map:1
