8/7/2021 6:29:03 PM Se conecto con ip:119.12.240.246
8/7/2021 6:29:10 PM /IRA dfgg Mapa:1 X:325 Y:875
8/7/2021 6:29:12 PM /TELEPLOC a x:196 Y:1231 Map:1
8/7/2021 6:29:24 PM /SUM dfgg Map:1 X:326 Y:881
8/7/2021 6:29:54 PM /TELEPLOC a x:325 Y:876 Map:1
8/7/2021 6:29:56 PM /TELEPLOC a x:325 Y:876 Map:1
8/7/2021 6:30:00 PM /TELEPLOC a x:325 Y:876 Map:1
8/7/2021 6:30:01 PM /TELEPLOC a x:325 Y:876 Map:1
8/7/2021 6:30:02 PM /TELEPLOC a x:325 Y:876 Map:1
8/7/2021 6:30:04 PM /TELEPLOC a x:203 Y:1241 Map:1
8/7/2021 6:30:05 PM /TELEPLOC a x:203 Y:1241 Map:1
8/7/2021 6:30:07 PM /TELEPLOC a x:203 Y:1241 Map:1
8/7/2021 6:30:18 PM /IRA nhew Mapa:8 X:71 Y:97
8/7/2021 6:30:43 PM Mensaje Broadcast:e
8/7/2021 6:31:00 PM Tiro cantidad:10000 Objeto:Monedas de Oro
8/7/2021 6:31:06 PM Tiro cantidad:10000 Objeto:Monedas de Oro
8/7/2021 6:31:56 PM Tiro cantidad:10000 Objeto:Monedas de Oro
8/7/2021 6:31:58 PM Tiro cantidad:10000 Objeto:Monedas de Oro
8/7/2021 6:32:02 PM Tiro cantidad:10000 Objeto:Monedas de Oro
8/7/2021 6:32:04 PM Tiro cantidad:10000 Objeto:Monedas de Oro
8/7/2021 6:32:19 PM Transportó a ShiNoBu hacia Mapa1 X:222 Y:222
8/7/2021 6:32:21 PM /TELEPLOC a x:76 Y:95 Map:1
8/7/2021 6:32:23 PM /TELEPLOC a x:76 Y:95 Map:1
8/7/2021 6:32:23 PM /TELEPLOC a x:76 Y:95 Map:1
8/7/2021 6:32:24 PM /TELEPLOC a x:76 Y:95 Map:1
8/7/2021 6:32:24 PM /TELEPLOC a x:76 Y:95 Map:1
8/7/2021 6:32:25 PM /TELEPLOC a x:76 Y:95 Map:1
8/7/2021 6:32:26 PM /TELEPLOC a x:76 Y:95 Map:1
8/7/2021 6:32:35 PM /SUM bramh Map:1 X:322 Y:240
8/7/2021 6:32:59 PM /SUM dfgg Map:3 X:35 Y:53
8/7/2021 6:33:13 PM /SUM aknot Map:3 X:35 Y:50
8/7/2021 6:33:24 PM Mensaje Broadcast:el paraiso de las quest
8/7/2021 6:33:33 PM Mensaje Broadcast:mas de 200quest por todo el mundo.
8/7/2021 6:34:10 PM Mensaje Broadcast:EL MESON ES ZONA QUEST,PERO AHI MAS DE 200 POR TODO EL MUNDO
8/7/2021 6:35:44 PM /TELEPLOC a x:46 Y:51 Map:3
8/7/2021 6:36:03 PM /TELEPLOC a x:93 Y:14 Map:3
8/7/2021 6:36:06 PM /TELEPLOC a x:93 Y:14 Map:3
8/7/2021 6:36:06 PM /TELEPLOC a x:93 Y:14 Map:3
8/7/2021 6:36:08 PM /TELEPLOC a x:93 Y:14 Map:3
