SENSUI completó el nivel 1 en 45,312 segundos.
SENSUI completó el nivel 2 en 452,968 segundos.
SENSUI completó el nivel 3 en 0,016 segundos.
SENSUI completó el nivel 4 en 3,282 segundos.
SENSUI completó el nivel 5 en 14,547 segundos.
NEOSEFIROT completó el nivel 1 en 1169,219 segundos.
NEOSEFIROT completó el nivel 2 en 0,016 segundos.
SENSUI completó el nivel 6 en 342,328 segundos.
SENSUI completó el nivel 7 en 5,125 segundos.
SENSUI completó el nivel 8 en 9,797 segundos.
SENSUI completó el nivel 9 en 42,297 segundos.
SENSUI completó el nivel 10 en 37,453 segundos.
SENSUI completó el nivel 11 en 0,031 segundos.
SENSUI completó el nivel 12 en 0,031 segundos.
SENSUI completó el nivel 13 en 0,016 segundos.
SENSUI completó el nivel 14 en 0,016 segundos.
SENSUI completó el nivel 15 en 0,016 segundos.
SENSUI completó el nivel 16 en 0,015 segundos.
SENSUI completó el nivel 17 en 0 segundos.
SENSUI completó el nivel 18 en 0 segundos.
SENSUI completó el nivel 19 en 0 segundos.
SENSUI completó el nivel 20 en 0,016 segundos.
SENSUI completó el nivel 21 en 0 segundos.
SENSUI completó el nivel 22 en 0 segundos.
SENSUI completó el nivel 23 en 0 segundos.
SENSUI completó el nivel 24 en 0 segundos.
SENSUI completó el nivel 25 en 0,015 segundos.
SENSUI completó el nivel 26 en 0 segundos.
SENSUI completó el nivel 27 en 0 segundos.
SENSUI completó el nivel 28 en 0,016 segundos.
SENSUI completó el nivel 29 en 0,015 segundos.
SENSUI completó el nivel 30 en 0 segundos.
SENSUI completó el nivel 31 en 0 segundos.
SENSUI completó el nivel 32 en 0 segundos.
SENSUI completó el nivel 33 en 0,015 segundos.
NEOSEFIROT completó el nivel 3 en 1192,25 segundos.
NEOSEFIROT completó el nivel 4 en 0,031 segundos.
ALICIAS completó el nivel 1 en 176,031 segundos.
ALICIAS completó el nivel 2 en 54,828 segundos.
ALICIAS completó el nivel 3 en 0 segundos.
ALICIAS completó el nivel 4 en 3 segundos.
ALICIAS completó el nivel 5 en 3,047 segundos.
ALICIAS completó el nivel 6 en 3,078 segundos.
ALICIAS completó el nivel 7 en 18,015 segundos.
ALICIAS completó el nivel 8 en 8,671 segundos.
ALICIAS completó el nivel 9 en 5,828 segundos.
ALICIAS completó el nivel 10 en 22,922 segundos.
ALICIAS completó el nivel 11 en 25,235 segundos.
ALICIAS completó el nivel 12 en 73,719 segundos.
NEOSEFIROT completó el nivel 5 en 271,797 segundos.
NEOSEFIROT completó el nivel 6 en 7,531 segundos.
NEOSEFIROT completó el nivel 7 en 4,578 segundos.
NEOSEFIROT completó el nivel 8 en 2,875 segundos.
NEOSEFIROT completó el nivel 9 en 8,968 segundos.
NEOSEFIROT completó el nivel 10 en 15,391 segundos.
NEOSEFIROT completó el nivel 11 en 60,391 segundos.
NEOSEFIROT completó el nivel 12 en 20,125 segundos.
